<?xml version="1.0" encoding="UTF-8"?>
<testsuite name="JUnit Jupiter" tests="174" skipped="4" failures="0" errors="57" time="10,873.437" hostname="DESKTOP-M0LCB5K" timestamp="2019-03-07T01:32:46">
<properties>
[...]
</properties>
<testcase name="postOauth2AccessToken_ChBiometric_AccessCode200()" classname="tests.Oauth2Tests" time="0.333">
<system-out><![CDATA[
unique-id: [engine:junit-jupiter]/[class:tests.Oauth2Tests]/[method:postOauth2AccessToken_ChBiometric_AccessCode200()]
display-name: postOauth2AccessToken_ChBiometric_AccessCode200()
]]></system-out>
</testcase>
<testcase name="postOauth2RefreshToken_ForAnyUser_AccessToken200()" classname="tests.Oauth2Tests" time="1.546">
<system-out><![CDATA[
unique-id: [engine:junit-jupiter]/[class:tests.Oauth2Tests]/[method:postOauth2RefreshToken_ForAnyUser_AccessToken200()]
display-name: postOauth2RefreshToken_ForAnyUser_AccessToken200()
]]></system-out>
</testcase>
<testcase name="postOauth2AccessToken_ChCardholderRegistration_AccessCode200(PostCardholdersCreateInCoreCardResponse, String, String, String, String)[1]" classname="tests.Oauth2Tests" time="0.416">
<system-out><![CDATA[
unique-id: [engine:junit-jupiter]/[class:tests.Oauth2Tests]/[test-template:postOauth2AccessToken_ChCardholderRegistration_AccessCode200(models.cardholder_service.PostCardholdersCreateInCoreCardResponse, java.lang.String, java.lang.String, java.lang.String, java.lang.String)]/[test-template-invocation:#1]
display-name: [1] models.cardholder_service.PostCardholdersCreateInCoreCardResponse@78418783, birth_year, 2000, card_num, 4111190845478293
]]></system-out>
</testcase>
<testcase name="postOauth2AccessToken_ChCardholderRegistration_AccessCode200(PostCardholdersCreateInCoreCardResponse, String, String, String, String)[2]" classname="tests.Oauth2Tests" time="0.659">
<system-out><![CDATA[
unique-id: [engine:junit-jupiter]/[class:tests.Oauth2Tests]/[test-template:postOauth2AccessToken_ChCardholderRegistration_AccessCode200(models.cardholder_service.PostCardholdersCreateInCoreCardResponse, java.lang.String, java.lang.String, java.lang.String, java.lang.String)]/[test-template-invocation:#2]
display-name: [2] models.cardholder_service.PostCardholdersCreateInCoreCardResponse@2399f2da, activation_code, 447960, card_num_4digits, 8735
]]></system-out>
</testcase>
<testcase name="postOauth2RefreshToken_InvalidClientData_BadRequest400(String)[1]" classname="tests.Oauth2Tests" time="0.245">
<system-out><![CDATA[
unique-id: [engine:junit-jupiter]/[class:tests.Oauth2Tests]/[test-template:postOauth2RefreshToken_InvalidClientData_BadRequest400(java.lang.String)]/[test-template-invocation:#1]
display-name: [1] 
]]></system-out>
</testcase>
<testcase name="postOauth2RefreshToken_InvalidClientData_BadRequest400(String)[2]" classname="tests.Oauth2Tests" time="0.251">
<system-out><![CDATA[
unique-id: [engine:junit-jupiter]/[class:tests.Oauth2Tests]/[test-template:postOauth2RefreshToken_InvalidClientData_BadRequest400(java.lang.String)]/[test-template-invocation:#2]
display-name: [2] aa9c1198d4734084900f44b568d15f98
]]></system-out>
</testcase>
<testcase name="postOauth2RefreshToken_InvalidClientData_BadRequest400(String)[3]" classname="tests.Oauth2Tests" time="0.263">
<system-out><![CDATA[
unique-id: [engine:junit-jupiter]/[class:tests.Oauth2Tests]/[test-template:postOauth2RefreshToken_InvalidClientData_BadRequest400(java.lang.String)]/[test-template-invocation:#3]
display-name: [3] 11111111111111111111
]]></system-out>
</testcase>
<testcase name="postOauth2AccessToken_AdminChUser_AccessToken200(String, String)[1]" classname="tests.Oauth2Tests" time="0.317">
<system-out><![CDATA[
unique-id: [engine:junit-jupiter]/[class:tests.Oauth2Tests]/[test-template:postOauth2AccessToken_AdminChUser_AccessToken200(java.lang.String, java.lang.String)]/[test-template-invocation:#1]
display-name: [1] securityServiceTest, P@ssw0rd
]]></system-out>
</testcase>
<testcase name="postOauth2AccessToken_AdminChUser_AccessToken200(String, String)[2]" classname="tests.Oauth2Tests" time="0.281">
<system-out><![CDATA[
unique-id: [engine:junit-jupiter]/[class:tests.Oauth2Tests]/[test-template:postOauth2AccessToken_AdminChUser_AccessToken200(java.lang.String, java.lang.String)]/[test-template-invocation:#2]
display-name: [2] cardholderAutoOne, Test123!
]]></system-out>
</testcase>
<testcase name="postOauth2AccessToken_AdminSessionType_AccessCode200(int)[1]" classname="tests.Oauth2Tests" time="0.284">
<system-out><![CDATA[
unique-id: [engine:junit-jupiter]/[class:tests.Oauth2Tests]/[test-template:postOauth2AccessToken_AdminSessionType_AccessCode200(int)]/[test-template-invocation:#1]
display-name: [1] 1
]]></system-out>
</testcase>
<testcase name="postOauth2AccessToken_AdminSessionType_AccessCode200(int)[2]" classname="tests.Oauth2Tests" time="0.262">
<system-out><![CDATA[
unique-id: [engine:junit-jupiter]/[class:tests.Oauth2Tests]/[test-template:postOauth2AccessToken_AdminSessionType_AccessCode200(int)]/[test-template-invocation:#2]
display-name: [2] 2
]]></system-out>
</testcase>
<testcase name="postOauth2AccessToken_AdminSessionType_AccessCode200(int)[3]" classname="tests.Oauth2Tests" time="0.279">
<system-out><![CDATA[
unique-id: [engine:junit-jupiter]/[class:tests.Oauth2Tests]/[test-template:postOauth2AccessToken_AdminSessionType_AccessCode200(int)]/[test-template-invocation:#3]
display-name: [3] 3
]]></system-out>
</testcase>
<testcase name="postOauth2AccessToken_AdminSessionType_AccessCode200(int)[4]" classname="tests.Oauth2Tests" time="0.268">
<system-out><![CDATA[
unique-id: [engine:junit-jupiter]/[class:tests.Oauth2Tests]/[test-template:postOauth2AccessToken_AdminSessionType_AccessCode200(int)]/[test-template-invocation:#4]
display-name: [4] 4
]]></system-out>
</testcase>
<testcase name="postOauth2AccessToken_RequiredField_BadRequest400(OAuth2AccessTokenRequest)[1]" classname="tests.Oauth2Tests" time="0.254">
<system-out><![CDATA[
unique-id: [engine:junit-jupiter]/[class:tests.Oauth2Tests]/[test-template:postOauth2AccessToken_RequiredField_BadRequest400(models.account.oAuth2Token.OAuth2AccessTokenRequest)]/[test-template-invocation:#1]
display-name: [1] models.account.oAuth2Token.OAuth2AccessTokenRequest@1c46fc38
]]></system-out>
</testcase>
<testcase name="postOauth2AccessToken_RequiredField_BadRequest400(OAuth2AccessTokenRequest)[2]" classname="tests.Oauth2Tests" time="0.262">
<system-out><![CDATA[
unique-id: [engine:junit-jupiter]/[class:tests.Oauth2Tests]/[test-template:postOauth2AccessToken_RequiredField_BadRequest400(models.account.oAuth2Token.OAuth2AccessTokenRequest)]/[test-template-invocation:#2]
display-name: [2] models.account.oAuth2Token.OAuth2AccessTokenRequest@6fb83686
]]></system-out>
</testcase>
<testcase name="postOauth2AccessToken_AdminCh_DefaultIdentityProvider_AccessToken200(String, String)[1]" classname="tests.Oauth2Tests" time="0.313">
<system-out><![CDATA[
unique-id: [engine:junit-jupiter]/[class:tests.Oauth2Tests]/[test-template:postOauth2AccessToken_AdminCh_DefaultIdentityProvider_AccessToken200(java.lang.String, java.lang.String)]/[test-template-invocation:#1]
display-name: [1] securityServiceTest, P@ssw0rd
]]></system-out>
</testcase>
<testcase name="postOauth2AccessToken_AdminCh_DefaultIdentityProvider_AccessToken200(String, String)[2]" classname="tests.Oauth2Tests" time="0.29">
<system-out><![CDATA[
unique-id: [engine:junit-jupiter]/[class:tests.Oauth2Tests]/[test-template:postOauth2AccessToken_AdminCh_DefaultIdentityProvider_AccessToken200(java.lang.String, java.lang.String)]/[test-template-invocation:#2]
display-name: [2] cardholderAutoOne, Test123!
]]></system-out>
</testcase>
<testcase name="postAuthMfaDevice_NotValidCode_BadRequest400()" classname="tests.EnhancedSecurityTests" time="0">
<skipped><![CDATA[void tests.EnhancedSecurityTests.postAuthMfaDevice_NotValidCode_BadRequest400() is @Disabled]]></skipped>
<system-out><![CDATA[
unique-id: [engine:junit-jupiter]/[class:tests.EnhancedSecurityTests]/[method:postAuthMfaDevice_NotValidCode_BadRequest400()]
display-name: postAuthMfaDevice_NotValidCode_BadRequest400()
]]></system-out>
</testcase>
<testcase name="postAuthMfaCodeVerify_NotExistingUsername_NotFound404()" classname="tests.EnhancedSecurityTests" time="1.686">
<system-out><![CDATA[
unique-id: [engine:junit-jupiter]/[class:tests.EnhancedSecurityTests]/[method:postAuthMfaCodeVerify_NotExistingUsername_NotFound404()]
display-name: postAuthMfaCodeVerify_NotExistingUsername_NotFound404()
]]></system-out>
</testcase>
<testcase name="postAuthUserDevice_DeviceInfo_Success200()" classname="tests.EnhancedSecurityTests" time="1.085">
<system-out><![CDATA[
unique-id: [engine:junit-jupiter]/[class:tests.EnhancedSecurityTests]/[method:postAuthUserDevice_DeviceInfo_Success200()]
display-name: postAuthUserDevice_DeviceInfo_Success200()
]]></system-out>
</testcase>
<testcase name="setPostAuthMfaDevice_NotExistingUsername_Unauthorized401()" classname="tests.EnhancedSecurityTests" time="0.465">
<system-out><![CDATA[
unique-id: [engine:junit-jupiter]/[class:tests.EnhancedSecurityTests]/[method:setPostAuthMfaDevice_NotExistingUsername_Unauthorized401()]
display-name: setPostAuthMfaDevice_NotExistingUsername_Unauthorized401()
]]></system-out>
</testcase>
<testcase name="setPostAuthMfaEntity_NotExistingUsername_Unauthorized401()" classname="tests.EnhancedSecurityTests" time="0.276">
<system-out><![CDATA[
unique-id: [engine:junit-jupiter]/[class:tests.EnhancedSecurityTests]/[method:setPostAuthMfaEntity_NotExistingUsername_Unauthorized401()]
display-name: setPostAuthMfaEntity_NotExistingUsername_Unauthorized401()
]]></system-out>
</testcase>
<testcase name="postAuthMfaCodeCreate_NotExisingUsername_NotFound404()" classname="tests.EnhancedSecurityTests" time="0.429">
<system-out><![CDATA[
unique-id: [engine:junit-jupiter]/[class:tests.EnhancedSecurityTests]/[method:postAuthMfaCodeCreate_NotExisingUsername_NotFound404()]
display-name: postAuthMfaCodeCreate_NotExisingUsername_NotFound404()
]]></system-out>
</testcase>
<testcase name="postAuthMfaCodeVerify_NotValid_BadRequest400()" classname="tests.EnhancedSecurityTests" time="0">
<skipped><![CDATA[void tests.EnhancedSecurityTests.postAuthMfaCodeVerify_NotValid_BadRequest400() is @Disabled]]></skipped>
<system-out><![CDATA[
unique-id: [engine:junit-jupiter]/[class:tests.EnhancedSecurityTests]/[method:postAuthMfaCodeVerify_NotValid_BadRequest400()]
display-name: postAuthMfaCodeVerify_NotValid_BadRequest400()
]]></system-out>
</testcase>
<testcase name="postAuthMfaCodeCreate_UsernameAndEntityType_EntityInfo200()" classname="tests.EnhancedSecurityTests" time="1.719">
<system-out><![CDATA[
unique-id: [engine:junit-jupiter]/[class:tests.EnhancedSecurityTests]/[method:postAuthMfaCodeCreate_UsernameAndEntityType_EntityInfo200()]
display-name: postAuthMfaCodeCreate_UsernameAndEntityType_EntityInfo200()
]]></system-out>
</testcase>
<testcase name="postAuthMfaEntity_AlreadyUsedCode_BadRequest400()" classname="tests.EnhancedSecurityTests" time="0">
<skipped><![CDATA[void tests.EnhancedSecurityTests.postAuthMfaEntity_AlreadyUsedCode_BadRequest400() is @Disabled]]></skipped>
<system-out><![CDATA[
unique-id: [engine:junit-jupiter]/[class:tests.EnhancedSecurityTests]/[method:postAuthMfaEntity_AlreadyUsedCode_BadRequest400()]
display-name: postAuthMfaEntity_AlreadyUsedCode_BadRequest400()
]]></system-out>
</testcase>
<testcase name="setPostAuthMfaEntity_EmptyFields_BadRequest400(PostAuthMfaDevice, ModelState)[1]" classname="tests.EnhancedSecurityTests" time="1.601">
<system-out><![CDATA[
unique-id: [engine:junit-jupiter]/[class:tests.EnhancedSecurityTests]/[test-template:setPostAuthMfaEntity_EmptyFields_BadRequest400(models.authentication.PostAuthMfaDevice, models.BadRequestResponse$ModelState)]/[test-template-invocation:#1]
display-name: [1] models.authentication.PostAuthMfaDevice@3ba12d7, BadRequestResponse.ModelState(reqUsername=['User Name' must not be empty.], reqPassword=null, reqToken=null, authorizationHeader=null, reqCode=null, reqMfaEntityType=null, reqDeviceId=null, reqNewPassword=null, reqNewPasswordConfirmation=null, reqPasswordConfirmation=null, reqNewUserName=null, reqEmailAddress=null, reqHomePhoneNumber=null, reqMobilePhoneNumber=null, accountId=null, reqDobYear=null, reqPasswordQuestion=null, reqPasswordAnswer=null, request=null)
]]></system-out>
</testcase>
<testcase name="setPostAuthMfaEntity_EmptyFields_BadRequest400(PostAuthMfaDevice, ModelState)[2]" classname="tests.EnhancedSecurityTests" time="0.632">
<system-out><![CDATA[
unique-id: [engine:junit-jupiter]/[class:tests.EnhancedSecurityTests]/[test-template:setPostAuthMfaEntity_EmptyFields_BadRequest400(models.authentication.PostAuthMfaDevice, models.BadRequestResponse$ModelState)]/[test-template-invocation:#2]
display-name: [2] models.authentication.PostAuthMfaDevice@12d8aa59, BadRequestResponse.ModelState(reqUsername=null, reqPassword=null, reqToken=null, authorizationHeader=null, reqCode=['Code' must not be empty.], reqMfaEntityType=null, reqDeviceId=null, reqNewPassword=null, reqNewPasswordConfirmation=null, reqPasswordConfirmation=null, reqNewUserName=null, reqEmailAddress=null, reqHomePhoneNumber=null, reqMobilePhoneNumber=null, accountId=null, reqDobYear=null, reqPasswordQuestion=null, reqPasswordAnswer=null, request=null)
]]></system-out>
</testcase>
<testcase name="setPostAuthMfaEntity_EmptyFields_BadRequest400(PostAuthMfaDevice, ModelState)[3]" classname="tests.EnhancedSecurityTests" time="0.461">
<system-out><![CDATA[
unique-id: [engine:junit-jupiter]/[class:tests.EnhancedSecurityTests]/[test-template:setPostAuthMfaEntity_EmptyFields_BadRequest400(models.authentication.PostAuthMfaDevice, models.BadRequestResponse$ModelState)]/[test-template-invocation:#3]
display-name: [3] models.authentication.PostAuthMfaDevice@65171e84, BadRequestResponse.ModelState(reqUsername=null, reqPassword=null, reqToken=null, authorizationHeader=null, reqCode=null, reqMfaEntityType=null, reqDeviceId=['Device Id' must not be empty.], reqNewPassword=null, reqNewPasswordConfirmation=null, reqPasswordConfirmation=null, reqNewUserName=null, reqEmailAddress=null, reqHomePhoneNumber=null, reqMobilePhoneNumber=null, accountId=null, reqDobYear=null, reqPasswordQuestion=null, reqPasswordAnswer=null, request=null)
]]></system-out>
</testcase>
<testcase name="setPostAuthMfaDevice_EmptyFields_BadRequest400(PostAuthMfaDevice, ModelState)[1]" classname="tests.EnhancedSecurityTests" time="0.314">
<system-out><![CDATA[
unique-id: [engine:junit-jupiter]/[class:tests.EnhancedSecurityTests]/[test-template:setPostAuthMfaDevice_EmptyFields_BadRequest400(models.authentication.PostAuthMfaDevice, models.BadRequestResponse$ModelState)]/[test-template-invocation:#1]
display-name: [1] models.authentication.PostAuthMfaDevice@75e81d13, BadRequestResponse.ModelState(reqUsername=['User Name' must not be empty.], reqPassword=null, reqToken=null, authorizationHeader=null, reqCode=null, reqMfaEntityType=null, reqDeviceId=null, reqNewPassword=null, reqNewPasswordConfirmation=null, reqPasswordConfirmation=null, reqNewUserName=null, reqEmailAddress=null, reqHomePhoneNumber=null, reqMobilePhoneNumber=null, accountId=null, reqDobYear=null, reqPasswordQuestion=null, reqPasswordAnswer=null, request=null)
]]></system-out>
</testcase>
<testcase name="setPostAuthMfaDevice_EmptyFields_BadRequest400(PostAuthMfaDevice, ModelState)[2]" classname="tests.EnhancedSecurityTests" time="0.275">
<system-out><![CDATA[
unique-id: [engine:junit-jupiter]/[class:tests.EnhancedSecurityTests]/[test-template:setPostAuthMfaDevice_EmptyFields_BadRequest400(models.authentication.PostAuthMfaDevice, models.BadRequestResponse$ModelState)]/[test-template-invocation:#2]
display-name: [2] models.authentication.PostAuthMfaDevice@7093dcb0, BadRequestResponse.ModelState(reqUsername=null, reqPassword=null, reqToken=null, authorizationHeader=null, reqCode=['Code' must not be empty.], reqMfaEntityType=null, reqDeviceId=null, reqNewPassword=null, reqNewPasswordConfirmation=null, reqPasswordConfirmation=null, reqNewUserName=null, reqEmailAddress=null, reqHomePhoneNumber=null, reqMobilePhoneNumber=null, accountId=null, reqDobYear=null, reqPasswordQuestion=null, reqPasswordAnswer=null, request=null)
]]></system-out>
</testcase>
<testcase name="setPostAuthMfaDevice_EmptyFields_BadRequest400(PostAuthMfaDevice, ModelState)[3]" classname="tests.EnhancedSecurityTests" time="0.251">
<system-out><![CDATA[
unique-id: [engine:junit-jupiter]/[class:tests.EnhancedSecurityTests]/[test-template:setPostAuthMfaDevice_EmptyFields_BadRequest400(models.authentication.PostAuthMfaDevice, models.BadRequestResponse$ModelState)]/[test-template-invocation:#3]
display-name: [3] models.authentication.PostAuthMfaDevice@13efeb21, BadRequestResponse.ModelState(reqUsername=null, reqPassword=null, reqToken=null, authorizationHeader=null, reqCode=null, reqMfaEntityType=null, reqDeviceId=['Device Id' must not be empty.], reqNewPassword=null, reqNewPasswordConfirmation=null, reqPasswordConfirmation=null, reqNewUserName=null, reqEmailAddress=null, reqHomePhoneNumber=null, reqMobilePhoneNumber=null, accountId=null, reqDobYear=null, reqPasswordQuestion=null, reqPasswordAnswer=null, request=null)
]]></system-out>
</testcase>
<testcase name="postAuthTokenAccessAllRevokeForUserByUsername_ForAdmin_Success200()" classname="tests.AuthenticationTests" time="0.287">
<system-out><![CDATA[
unique-id: [engine:junit-jupiter]/[class:tests.AuthenticationTests]/[method:postAuthTokenAccessAllRevokeForUserByUsername_ForAdmin_Success200()]
display-name: postAuthTokenAccessAllRevokeForUserByUsername_ForAdmin_Success200()
]]></system-out>
</testcase>
<testcase name="postAuthTokenAccessAllRevokeForUserByUsername_EmptyUsername_BadRequest400()" classname="tests.AuthenticationTests" time="0.697">
<system-out><![CDATA[
unique-id: [engine:junit-jupiter]/[class:tests.AuthenticationTests]/[method:postAuthTokenAccessAllRevokeForUserByUsername_EmptyUsername_BadRequest400()]
display-name: postAuthTokenAccessAllRevokeForUserByUsername_EmptyUsername_BadRequest400()
]]></system-out>
</testcase>
<testcase name="postAuthHeaderValidate_AuthBearer_Validated200()" classname="tests.AuthenticationTests" time="0.304">
<system-out><![CDATA[
unique-id: [engine:junit-jupiter]/[class:tests.AuthenticationTests]/[method:postAuthHeaderValidate_AuthBearer_Validated200()]
display-name: postAuthHeaderValidate_AuthBearer_Validated200()
]]></system-out>
</testcase>
<testcase name="postAuthMinDetails_ForAdmin_ReturnAdminInfo200()" classname="tests.AuthenticationTests" time="0.299">
<system-out><![CDATA[
unique-id: [engine:junit-jupiter]/[class:tests.AuthenticationTests]/[method:postAuthMinDetails_ForAdmin_ReturnAdminInfo200()]
display-name: postAuthMinDetails_ForAdmin_ReturnAdminInfo200()
]]></system-out>
</testcase>
<testcase name="postAuthTokenAccessAllRevokeForBusiness_BusinessId_Success200()" classname="tests.AuthenticationTests" time="0.26">
<system-out><![CDATA[
unique-id: [engine:junit-jupiter]/[class:tests.AuthenticationTests]/[method:postAuthTokenAccessAllRevokeForBusiness_BusinessId_Success200()]
display-name: postAuthTokenAccessAllRevokeForBusiness_BusinessId_Success200()
]]></system-out>
</testcase>
<testcase name="postAuthMinDetails_ForCardholder_ReturnCHInfo200()" classname="tests.AuthenticationTests" time="0.293">
<system-out><![CDATA[
unique-id: [engine:junit-jupiter]/[class:tests.AuthenticationTests]/[method:postAuthMinDetails_ForCardholder_ReturnCHInfo200()]
display-name: postAuthMinDetails_ForCardholder_ReturnCHInfo200()
]]></system-out>
</testcase>
<testcase name="postAuthHeaderValidate_EmptyHeader_BadRequest400()" classname="tests.AuthenticationTests" time="1.29">
<system-out><![CDATA[
unique-id: [engine:junit-jupiter]/[class:tests.AuthenticationTests]/[method:postAuthHeaderValidate_EmptyHeader_BadRequest400()]
display-name: postAuthHeaderValidate_EmptyHeader_BadRequest400()
]]></system-out>
</testcase>
<testcase name="postAuthMinDetails_CheckingRequiredFields_BadRequest400(PostAuthLoginMinRequest, String, ModelState)[1]" classname="tests.AuthenticationTests" time="1.59">
<system-out><![CDATA[
unique-id: [engine:junit-jupiter]/[class:tests.AuthenticationTests]/[test-template:postAuthMinDetails_CheckingRequiredFields_BadRequest400(models.authentication.PostAuthLoginMinRequest, java.lang.String, models.BadRequestResponse$ModelState)]/[test-template-invocation:#1]
display-name: [1] models.authentication.PostAuthLoginMinRequest@6926a74a, The request is invalid., BadRequestResponse.ModelState(reqUsername=['User Name' must not be empty.], reqPassword=null, reqToken=null, authorizationHeader=null, reqCode=null, reqMfaEntityType=null, reqDeviceId=null, reqNewPassword=null, reqNewPasswordConfirmation=null, reqPasswordConfirmation=null, reqNewUserName=null, reqEmailAddress=null, reqHomePhoneNumber=null, reqMobilePhoneNumber=null, accountId=null, reqDobYear=null, reqPasswordQuestion=null, reqPasswordAnswer=null, request=null)
]]></system-out>
</testcase>
<testcase name="postAuthMinDetails_CheckingRequiredFields_BadRequest400(PostAuthLoginMinRequest, String, ModelState)[2]" classname="tests.AuthenticationTests" time="1.225">
<system-out><![CDATA[
unique-id: [engine:junit-jupiter]/[class:tests.AuthenticationTests]/[test-template:postAuthMinDetails_CheckingRequiredFields_BadRequest400(models.authentication.PostAuthLoginMinRequest, java.lang.String, models.BadRequestResponse$ModelState)]/[test-template-invocation:#2]
display-name: [2] models.authentication.PostAuthLoginMinRequest@4ea3abea, The request is invalid., BadRequestResponse.ModelState(reqUsername=null, reqPassword=['Password' must not be empty.], reqToken=null, authorizationHeader=null, reqCode=null, reqMfaEntityType=null, reqDeviceId=null, reqNewPassword=null, reqNewPasswordConfirmation=null, reqPasswordConfirmation=null, reqNewUserName=null, reqEmailAddress=null, reqHomePhoneNumber=null, reqMobilePhoneNumber=null, accountId=null, reqDobYear=null, reqPasswordQuestion=null, reqPasswordAnswer=null, request=null)
]]></system-out>
</testcase>
<testcase name="postAuthMinDetails_VerifyInvalidCases_Unauthorized401(PostAuthLoginMinRequest)[1]" classname="tests.AuthenticationTests" time="0.267">
<system-out><![CDATA[
unique-id: [engine:junit-jupiter]/[class:tests.AuthenticationTests]/[test-template:postAuthMinDetails_VerifyInvalidCases_Unauthorized401(models.authentication.PostAuthLoginMinRequest)]/[test-template-invocation:#1]
display-name: [1] models.authentication.PostAuthLoginMinRequest@46eec284
]]></system-out>
</testcase>
<testcase name="postAuthMinDetails_VerifyInvalidCases_Unauthorized401(PostAuthLoginMinRequest)[2]" classname="tests.AuthenticationTests" time="0.257">
<system-out><![CDATA[
unique-id: [engine:junit-jupiter]/[class:tests.AuthenticationTests]/[test-template:postAuthMinDetails_VerifyInvalidCases_Unauthorized401(models.authentication.PostAuthLoginMinRequest)]/[test-template-invocation:#2]
display-name: [2] models.authentication.PostAuthLoginMinRequest@4fcfcaad
]]></system-out>
</testcase>
<testcase name="postAuthMinDetails_VerifyInvalidCases_Unauthorized401(PostAuthLoginMinRequest)[3]" classname="tests.AuthenticationTests" time="0.255">
<system-out><![CDATA[
unique-id: [engine:junit-jupiter]/[class:tests.AuthenticationTests]/[test-template:postAuthMinDetails_VerifyInvalidCases_Unauthorized401(models.authentication.PostAuthLoginMinRequest)]/[test-template-invocation:#3]
display-name: [3] models.authentication.PostAuthLoginMinRequest@2bff854d
]]></system-out>
</testcase>
<testcase name="getCardholderInfo_accoutId_existingCH_Ok200()" classname="tests.cardholder.CardholderInfoTest" time="1.612">
<system-out><![CDATA[
unique-id: [engine:junit-jupiter]/[class:tests.cardholder.CardholderInfoTest]/[method:getCardholderInfo_accoutId_existingCH_Ok200()]
display-name: getCardholderInfo_accoutId_existingCH_Ok200()
]]></system-out>
</testcase>
<testcase name="getCardholderUserInfo_accountId_existingCh_Ok200()" classname="tests.cardholder.CardholderInfoTest" time="1.544">
<system-out><![CDATA[
unique-id: [engine:junit-jupiter]/[class:tests.cardholder.CardholderInfoTest]/[method:getCardholderUserInfo_accountId_existingCh_Ok200()]
display-name: getCardholderUserInfo_accountId_existingCh_Ok200()
]]></system-out>
</testcase>
<testcase name="postCardholderUserInfo_accountId_existingCh_Ok200()" classname="tests.cardholder.CardholderInfoTest" time="1.383">
<system-out><![CDATA[
unique-id: [engine:junit-jupiter]/[class:tests.cardholder.CardholderInfoTest]/[method:postCardholderUserInfo_accountId_existingCh_Ok200()]
display-name: postCardholderUserInfo_accountId_existingCh_Ok200()
]]></system-out>
</testcase>
<testcase name="getCardholderInfo_accoutId_newCH_Ok200()" classname="tests.cardholder.CardholderInfoTest" time="3.363">
<system-out><![CDATA[
unique-id: [engine:junit-jupiter]/[class:tests.cardholder.CardholderInfoTest]/[method:getCardholderInfo_accoutId_newCH_Ok200()]
display-name: getCardholderInfo_accoutId_newCH_Ok200()
]]></system-out>
</testcase>
<testcase name="getCardholderDetail_AccountId_newCh_Ok200()" classname="tests.cardholder.CardholderInfoTest" time="1.82">
<system-out><![CDATA[
unique-id: [engine:junit-jupiter]/[class:tests.cardholder.CardholderInfoTest]/[method:getCardholderDetail_AccountId_newCh_Ok200()]
display-name: getCardholderDetail_AccountId_newCh_Ok200()
]]></system-out>
</testcase>
<testcase name="postCardholderUpdate_Valid_Success200()" classname="tests.cardholder.CardholderInfoTest" time="1.733">
<system-out><![CDATA[
unique-id: [engine:junit-jupiter]/[class:tests.cardholder.CardholderInfoTest]/[method:postCardholderUpdate_Valid_Success200()]
display-name: postCardholderUpdate_Valid_Success200()
]]></system-out>
</testcase>
<testcase name="postCardholderUpdate_ValidWithoutNonRequired_Success200()" classname="tests.cardholder.CardholderInfoTest" time="1.776">
<system-out><![CDATA[
unique-id: [engine:junit-jupiter]/[class:tests.cardholder.CardholderInfoTest]/[method:postCardholderUpdate_ValidWithoutNonRequired_Success200()]
display-name: postCardholderUpdate_ValidWithoutNonRequired_Success200()
]]></system-out>
</testcase>
<testcase name="getCardholderDetail_AccountId_existingCh_Ok200()" classname="tests.cardholder.CardholderInfoTest" time="1.499">
<system-out><![CDATA[
unique-id: [engine:junit-jupiter]/[class:tests.cardholder.CardholderInfoTest]/[method:getCardholderDetail_AccountId_existingCh_Ok200()]
display-name: getCardholderDetail_AccountId_existingCh_Ok200()
]]></system-out>
</testcase>
<testcase name="postCardholderUserInfo_accountId_newCh_Ok200()" classname="tests.cardholder.CardholderInfoTest" time="1.755">
<system-out><![CDATA[
unique-id: [engine:junit-jupiter]/[class:tests.cardholder.CardholderInfoTest]/[method:postCardholderUserInfo_accountId_newCh_Ok200()]
display-name: postCardholderUserInfo_accountId_newCh_Ok200()
]]></system-out>
</testcase>
<testcase name="getCardholderUserInfo_accountId_newCh_Ok200()" classname="tests.cardholder.CardholderInfoTest" time="1.781">
<system-out><![CDATA[
unique-id: [engine:junit-jupiter]/[class:tests.cardholder.CardholderInfoTest]/[method:getCardholderUserInfo_accountId_newCh_Ok200()]
display-name: getCardholderUserInfo_accountId_newCh_Ok200()
]]></system-out>
</testcase>
<testcase name="postCardholderUpdate_Invalid_BadRequest400(PostCardholderCreateUpdateRequest, BadRequestResponse)[1]" classname="tests.cardholder.CardholderInfoTest" time="0.58">
<system-out><![CDATA[
unique-id: [engine:junit-jupiter]/[class:tests.cardholder.CardholderInfoTest]/[test-template:postCardholderUpdate_Invalid_BadRequest400(models.cardholder.PostCardholderCreateUpdateRequest, models.BadRequestResponse)]/[test-template-invocation:#1]
display-name: [1] PostCardholderCreateUpdateRequest(bsAcctProductId=0, nameOnCard=null, cardNumberLast4Digit=null, shippingAddress=Address(contactName=null, contactPhone=8888888888, addressId=0, addressType=1, address1=7595 Technology Way, address2=, addressLine1=null, addressLine2=null, city=Denver, state=CO, postalCode=80237, country=US, createdDate=null, updatedDate=null, createdByIdentityId=0, updatedByIdentityId=0), customId=, accountId=0, userName=null, firstName=AutoUpdate, middleName=Mn, lastName=SecurityUpdate, dateOfBirth=2019-12-14, homePhone=9999999999, mobilePhone=7777777777, email=mdmytriv+876update@softjourn.com, address=Address(contactName=null, contactPhone=null, addressId=0, addressType=0, address1=5015 Westheimer Road, address2=, addressLine1=null, addressLine2=null, city=Houston, state=TX, postalCode=77056, country=US, createdDate=null, updatedDate=null, createdByIdentityId=0, updatedByIdentityId=0), businessAccountId=60996), models.BadRequestResponse@6a473623
]]></system-out>
</testcase>
<testcase name="postCardholderUpdate_Invalid_BadRequest400(PostCardholderCreateUpdateRequest, BadRequestResponse)[2]" classname="tests.cardholder.CardholderInfoTest" time="0.572">
<system-out><![CDATA[
unique-id: [engine:junit-jupiter]/[class:tests.cardholder.CardholderInfoTest]/[test-template:postCardholderUpdate_Invalid_BadRequest400(models.cardholder.PostCardholderCreateUpdateRequest, models.BadRequestResponse)]/[test-template-invocation:#2]
display-name: [2] PostCardholderCreateUpdateRequest(bsAcctProductId=0, nameOnCard=null, cardNumberLast4Digit=null, shippingAddress=Address(contactName=null, contactPhone=8888888888, addressId=0, addressType=1, address1=7595 Technology Way, address2=, addressLine1=null, addressLine2=null, city=Denver, state=CO, postalCode=80237, country=US, createdDate=null, updatedDate=null, createdByIdentityId=0, updatedByIdentityId=0), customId=, accountId=0, userName=null, firstName=AutoUpdate, middleName=Mn, lastName=SecurityUpdate, dateOfBirth=2000-01-01T00:00:00, homePhone=9999999999, mobilePhone=7777777777, email=mdmytriv+876update@softjourn.com, address=Address(contactName=null, contactPhone=null, addressId=0, addressType=0, address1=5015 Westheimer Road, address2=, addressLine1=null, addressLine2=null, city=Houston, state=Utah, postalCode=77056, country=US, createdDate=null, updatedDate=null, createdByIdentityId=0, updatedByIdentityId=0), businessAccountId=60996), models.BadRequestResponse@c4c9a5ad
]]></system-out>
</testcase>
<testcase name="postCardholderUpdate_Invalid_BadRequest400(PostCardholderCreateUpdateRequest, BadRequestResponse)[3]" classname="tests.cardholder.CardholderInfoTest" time="0.692">
<system-out><![CDATA[
unique-id: [engine:junit-jupiter]/[class:tests.cardholder.CardholderInfoTest]/[test-template:postCardholderUpdate_Invalid_BadRequest400(models.cardholder.PostCardholderCreateUpdateRequest, models.BadRequestResponse)]/[test-template-invocation:#3]
display-name: [3] PostCardholderCreateUpdateRequest(bsAcctProductId=0, nameOnCard=null, cardNumberLast4Digit=null, shippingAddress=Address(contactName=null, contactPhone=8888888888, addressId=0, addressType=1, address1=7595 Technology Way, address2=, addressLine1=null, addressLine2=null, city=Denver, state=CO, postalCode=80237, country=US, createdDate=null, updatedDate=null, createdByIdentityId=0, updatedByIdentityId=0), customId=, accountId=0, userName=null, firstName=AutoUpdate, middleName=Mn, lastName=SecurityUpdate, dateOfBirth=2000-01-01T00:00:00, homePhone=9999999999, mobilePhone=7777777777, email=mdmytriv+876update@softjourn.com, address=Address(contactName=null, contactPhone=null, addressId=0, addressType=0, address1=045555555555rtyrtyrt 55555555555555555556, address2=, addressLine1=null, addressLine2=null, city=Houston, state=TX, postalCode=77056, country=US, createdDate=null, updatedDate=null, createdByIdentityId=0, updatedByIdentityId=0), businessAccountId=60996), models.BadRequestResponse@5475b4cb
]]></system-out>
</testcase>
<testcase name="postCardholderUpdate_Invalid_BadRequest400(PostCardholderCreateUpdateRequest, BadRequestResponse)[4]" classname="tests.cardholder.CardholderInfoTest" time="0.567">
<system-out><![CDATA[
unique-id: [engine:junit-jupiter]/[class:tests.cardholder.CardholderInfoTest]/[test-template:postCardholderUpdate_Invalid_BadRequest400(models.cardholder.PostCardholderCreateUpdateRequest, models.BadRequestResponse)]/[test-template-invocation:#4]
display-name: [4] PostCardholderCreateUpdateRequest(bsAcctProductId=0, nameOnCard=null, cardNumberLast4Digit=null, shippingAddress=Address(contactName=null, contactPhone=8888888888, addressId=0, addressType=1, address1=7595 Technology Way, address2=, addressLine1=null, addressLine2=null, city=Denver, state=CO, postalCode=80237, country=US, createdDate=null, updatedDate=null, createdByIdentityId=0, updatedByIdentityId=0), customId=, accountId=0, userName=null, firstName=AutoUpdate, middleName=Mn, lastName=SecurityUpdate, dateOfBirth=2000-01-01T00:00:00, homePhone=9999999999, mobilePhone=7777777777, email=g~!#$%^&*()_+|}{:?><,./;'[]-0@i.com, address=Address(contactName=null, contactPhone=null, addressId=0, addressType=0, address1=5015 Westheimer Road, address2=, addressLine1=null, addressLine2=null, city=Houston, state=TX, postalCode=77056, country=US, createdDate=null, updatedDate=null, createdByIdentityId=0, updatedByIdentityId=0), businessAccountId=60996), models.BadRequestResponse@e06952ee
]]></system-out>
</testcase>
<testcase name="postCardholderUpdate_Invalid_BadRequest400(PostCardholderCreateUpdateRequest, BadRequestResponse)[5]" classname="tests.cardholder.CardholderInfoTest" time="0.574">
<system-out><![CDATA[
unique-id: [engine:junit-jupiter]/[class:tests.cardholder.CardholderInfoTest]/[test-template:postCardholderUpdate_Invalid_BadRequest400(models.cardholder.PostCardholderCreateUpdateRequest, models.BadRequestResponse)]/[test-template-invocation:#5]
display-name: [5] PostCardholderCreateUpdateRequest(bsAcctProductId=0, nameOnCard=null, cardNumberLast4Digit=null, shippingAddress=Address(contactName=null, contactPhone=8888888888, addressId=0, addressType=1, address1=7595 Technology Way, address2=, addressLine1=null, addressLine2=null, city=Denver, state=CO, postalCode=80237, country=US, createdDate=null, updatedDate=null, createdByIdentityId=0, updatedByIdentityId=0), customId=, accountId=0, userName=null, firstName=AutoUpdate, middleName=Mn, lastName=SecurityUpdate, dateOfBirth=2000-01-01T00:00:00, homePhone=9999999999, mobilePhone=7777777777, email=gewr34.com, address=Address(contactName=null, contactPhone=null, addressId=0, addressType=0, address1=5015 Westheimer Road, address2=, addressLine1=null, addressLine2=null, city=Houston, state=TX, postalCode=77056, country=US, createdDate=null, updatedDate=null, createdByIdentityId=0, updatedByIdentityId=0), businessAccountId=60996), models.BadRequestResponse@e06952ee
]]></system-out>
</testcase>
<testcase name="postCardholderRegistrationUsernameIsAvailable_UniqueValid_Ok200()" classname="tests.cardholder.registration.UsernameIsAvailableTest" time="0.793">
<system-out><![CDATA[
unique-id: [engine:junit-jupiter]/[class:tests.cardholder.registration.UsernameIsAvailableTest]/[method:postCardholderRegistrationUsernameIsAvailable_UniqueValid_Ok200()]
display-name: postCardholderRegistrationUsernameIsAvailable_UniqueValid_Ok200()
]]></system-out>
</testcase>
<testcase name="postCardholderRegistrationUsernameIsAvailable_EmptyUsername_BadRequest400()" classname="tests.cardholder.registration.UsernameIsAvailableTest" time="1.009">
<system-out><![CDATA[
unique-id: [engine:junit-jupiter]/[class:tests.cardholder.registration.UsernameIsAvailableTest]/[method:postCardholderRegistrationUsernameIsAvailable_EmptyUsername_BadRequest400()]
display-name: postCardholderRegistrationUsernameIsAvailable_EmptyUsername_BadRequest400()
]]></system-out>
</testcase>
<testcase name="postCardholderRegistrationUsernameIsAvailable_ExistedUsernameAdminCardholder_Conflict409(String)[1]" classname="tests.cardholder.registration.UsernameIsAvailableTest" time="0.673">
<system-out><![CDATA[
unique-id: [engine:junit-jupiter]/[class:tests.cardholder.registration.UsernameIsAvailableTest]/[test-template:postCardholderRegistrationUsernameIsAvailable_ExistedUsernameAdminCardholder_Conflict409(java.lang.String)]/[test-template-invocation:#1]
display-name: [1] securityServiceTest
]]></system-out>
</testcase>
<testcase name="postCardholderRegistrationUsernameIsAvailable_ExistedUsernameAdminCardholder_Conflict409(String)[2]" classname="tests.cardholder.registration.UsernameIsAvailableTest" time="0.271">
<system-out><![CDATA[
unique-id: [engine:junit-jupiter]/[class:tests.cardholder.registration.UsernameIsAvailableTest]/[test-template:postCardholderRegistrationUsernameIsAvailable_ExistedUsernameAdminCardholder_Conflict409(java.lang.String)]/[test-template-invocation:#2]
display-name: [2] cardholderAutoOne
]]></system-out>
</testcase>
<testcase name="postCardholderRegistrationUsernameIsAvailable_invalidUsername(String)[1]" classname="tests.cardholder.registration.UsernameIsAvailableTest" time="0.833">
<system-out><![CDATA[
unique-id: [engine:junit-jupiter]/[class:tests.cardholder.registration.UsernameIsAvailableTest]/[test-template:postCardholderRegistrationUsernameIsAvailable_invalidUsername(java.lang.String)]/[test-template-invocation:#1]
display-name: [1] 7IZxQ3oXqbgYW9ZCmBgil0ITBZwjkPrh8AjBz38D03kT1T
]]></system-out>
</testcase>
<testcase name="postCardholderRegistrationUsernameIsAvailable_invalidUsername(String)[2]" classname="tests.cardholder.registration.UsernameIsAvailableTest" time="0.265">
<system-out><![CDATA[
unique-id: [engine:junit-jupiter]/[class:tests.cardholder.registration.UsernameIsAvailableTest]/[test-template:postCardholderRegistrationUsernameIsAvailable_invalidUsername(java.lang.String)]/[test-template-invocation:#2]
display-name: [2] ###$$$$$
]]></system-out>
</testcase>
<testcase name="postCardholderRegistrationAccountVerify_ClosedCard_Ok200()" classname="tests.cardholder.registration.AccountVerifyTest" time="0">
<skipped><![CDATA[void tests.cardholder.registration.AccountVerifyTest.postCardholderRegistrationAccountVerify_ClosedCard_Ok200() is @Disabled]]></skipped>
<system-out><![CDATA[
unique-id: [engine:junit-jupiter]/[class:tests.cardholder.registration.AccountVerifyTest]/[method:postCardholderRegistrationAccountVerify_ClosedCard_Ok200()]
display-name: postCardholderRegistrationAccountVerify_ClosedCard_Ok200()
]]></system-out>
</testcase>
<testcase name="postCardholderRegistrationAccountVerify_AlreadyRegisteredAccountId_Ok200()" classname="tests.cardholder.registration.AccountVerifyTest" time="0.292">
<system-out><![CDATA[
unique-id: [engine:junit-jupiter]/[class:tests.cardholder.registration.AccountVerifyTest]/[method:postCardholderRegistrationAccountVerify_AlreadyRegisteredAccountId_Ok200()]
display-name: postCardholderRegistrationAccountVerify_AlreadyRegisteredAccountId_Ok200()
]]></system-out>
</testcase>
<testcase name="postCardholderRegistrationAccountVerify_AccountIdValueBiggerThanMax_BadRequest400()" classname="tests.cardholder.registration.AccountVerifyTest" time="0.959">
<system-out><![CDATA[
unique-id: [engine:junit-jupiter]/[class:tests.cardholder.registration.AccountVerifyTest]/[method:postCardholderRegistrationAccountVerify_AccountIdValueBiggerThanMax_BadRequest400()]
display-name: postCardholderRegistrationAccountVerify_AccountIdValueBiggerThanMax_BadRequest400()
]]></system-out>
</testcase>
<testcase name="postCardholderRegistrationAccountVerify_invalidAccountId_BadRequest400(String)[1]" classname="tests.cardholder.registration.AccountVerifyTest" time="0.303">
<system-out><![CDATA[
unique-id: [engine:junit-jupiter]/[class:tests.cardholder.registration.AccountVerifyTest]/[test-template:postCardholderRegistrationAccountVerify_invalidAccountId_BadRequest400(java.lang.String)]/[test-template-invocation:#1]
display-name: [1] false
]]></system-out>
</testcase>
<testcase name="postCardholderRegistrationAccountVerify_invalidAccountId_BadRequest400(String)[2]" classname="tests.cardholder.registration.AccountVerifyTest" time="0.272">
<system-out><![CDATA[
unique-id: [engine:junit-jupiter]/[class:tests.cardholder.registration.AccountVerifyTest]/[test-template:postCardholderRegistrationAccountVerify_invalidAccountId_BadRequest400(java.lang.String)]/[test-template-invocation:#2]
display-name: [2] !@@$##$
]]></system-out>
</testcase>
<testcase name="postCardholderRegistrationAccountVerify_invalidAccountId_BadRequest400(String)[3]" classname="tests.cardholder.registration.AccountVerifyTest" time="0.255">
<system-out><![CDATA[
unique-id: [engine:junit-jupiter]/[class:tests.cardholder.registration.AccountVerifyTest]/[test-template:postCardholderRegistrationAccountVerify_invalidAccountId_BadRequest400(java.lang.String)]/[test-template-invocation:#3]
display-name: [3] bJyTu
]]></system-out>
</testcase>
<testcase name="postCardholderRegistrationAccountVerify_invalidAccountId_BadRequest400(String)[4]" classname="tests.cardholder.registration.AccountVerifyTest" time="0.332">
<system-out><![CDATA[
unique-id: [engine:junit-jupiter]/[class:tests.cardholder.registration.AccountVerifyTest]/[test-template:postCardholderRegistrationAccountVerify_invalidAccountId_BadRequest400(java.lang.String)]/[test-template-invocation:#4]
display-name: [4] rK8EX
]]></system-out>
</testcase>
<testcase name="postChRegistration_AccountProfile_validData_Ok200()" classname="tests.cardholder.registration.AccountProfileTest" time="2.641">
<system-out><![CDATA[
unique-id: [engine:junit-jupiter]/[class:tests.cardholder.registration.AccountProfileTest]/[method:postChRegistration_AccountProfile_validData_Ok200()]
display-name: postChRegistration_AccountProfile_validData_Ok200()
]]></system-out>
</testcase>
<testcase name="postChRegistration_AccountProfile_invalidData_400BadRequest(int, PostProfileRequest, String, String)[1]" classname="tests.cardholder.registration.AccountProfileTest" time="0.302">
<system-out><![CDATA[
unique-id: [engine:junit-jupiter]/[class:tests.cardholder.registration.AccountProfileTest]/[test-template:postChRegistration_AccountProfile_invalidData_400BadRequest(int, models.cardholder.registration.PostProfileRequest, java.lang.String, java.lang.String)]/[test-template-invocation:#1]
display-name: [1] 63679, PostProfileRequest(userName=cardholderAutoOne, dateOfBirth=2000-01-01T00:00:00, homePhoneNumber=null, mobilePhoneNumber=null, password=Test123!, passwordConfirmation=Test123!, passwordQuestion=test, passwordAnswer=test), USERNAME_NOT_AVAILABLE, Username is not available.
]]></system-out>
</testcase>
<testcase name="postChRegistration_AccountProfile_invalidData_400BadRequest(int, PostProfileRequest, String, String)[2]" classname="tests.cardholder.registration.AccountProfileTest" time="0.635">
<system-out><![CDATA[
unique-id: [engine:junit-jupiter]/[class:tests.cardholder.registration.AccountProfileTest]/[test-template:postChRegistration_AccountProfile_invalidData_400BadRequest(int, models.cardholder.registration.PostProfileRequest, java.lang.String, java.lang.String)]/[test-template-invocation:#2]
display-name: [2] 60987, PostProfileRequest(userName=auto91dAR9gAfx6usXTkHTyHJYilhivppDGlxCkOK0H4w, dateOfBirth=2000-01-01T00:00:00, homePhoneNumber=null, mobilePhoneNumber=null, password=Test123!, passwordConfirmation=Test123!, passwordQuestion=test, passwordAnswer=test), ALREADY_REGISTERED, Account is already registered to another user.
]]></system-out>
</testcase>
<testcase name="postChRegistration_AccountProfile_invalidData_400BadRequest(PostProfileRequest, ModelState)[1]" classname="tests.cardholder.registration.AccountProfileTest" time="0.263">
<system-out><![CDATA[
unique-id: [engine:junit-jupiter]/[class:tests.cardholder.registration.AccountProfileTest]/[test-template:postChRegistration_AccountProfile_invalidData_400BadRequest(models.cardholder.registration.PostProfileRequest, models.BadRequestResponse$ModelState)]/[test-template-invocation:#1]
display-name: [1] PostProfileRequest(userName=, dateOfBirth=2000-01-01T00:00:00, homePhoneNumber=null, mobilePhoneNumber=null, password=Test123!, passwordConfirmation=Test123!, passwordQuestion=test, passwordAnswer=test), BadRequestResponse.ModelState(reqUsername=['User Name' must not be empty.], reqPassword=null, reqToken=null, authorizationHeader=null, reqCode=null, reqMfaEntityType=null, reqDeviceId=null, reqNewPassword=null, reqNewPasswordConfirmation=null, reqPasswordConfirmation=null, reqNewUserName=null, reqEmailAddress=null, reqHomePhoneNumber=null, reqMobilePhoneNumber=null, accountId=null, reqDobYear=null, reqPasswordQuestion=null, reqPasswordAnswer=null, request=null)
]]></system-out>
</testcase>
<testcase name="postChRegistration_AccountProfile_invalidData_400BadRequest(PostProfileRequest, ModelState)[2]" classname="tests.cardholder.registration.AccountProfileTest" time="0.27">
<system-out><![CDATA[
unique-id: [engine:junit-jupiter]/[class:tests.cardholder.registration.AccountProfileTest]/[test-template:postChRegistration_AccountProfile_invalidData_400BadRequest(models.cardholder.registration.PostProfileRequest, models.BadRequestResponse$ModelState)]/[test-template-invocation:#2]
display-name: [2] PostProfileRequest(userName=auto91dAR9gAfx6usXTkHTyHJYilhivppDGlxCkOK0H4, dateOfBirth=2000-01-01T00:00:00, homePhoneNumber=hhhhh, mobilePhoneNumber=null, password=Test123!, passwordConfirmation=Test123!, passwordQuestion=test, passwordAnswer=test), BadRequestResponse.ModelState(reqUsername=null, reqPassword=null, reqToken=null, authorizationHeader=null, reqCode=null, reqMfaEntityType=null, reqDeviceId=null, reqNewPassword=null, reqNewPasswordConfirmation=null, reqPasswordConfirmation=null, reqNewUserName=null, reqEmailAddress=null, reqHomePhoneNumber=['Home Phone Number' is not in the correct format.], reqMobilePhoneNumber=null, accountId=null, reqDobYear=null, reqPasswordQuestion=null, reqPasswordAnswer=null, request=null)
]]></system-out>
</testcase>
<testcase name="postChRegistration_AccountProfile_invalidData_400BadRequest(PostProfileRequest, ModelState)[3]" classname="tests.cardholder.registration.AccountProfileTest" time="0.265">
<system-out><![CDATA[
unique-id: [engine:junit-jupiter]/[class:tests.cardholder.registration.AccountProfileTest]/[test-template:postChRegistration_AccountProfile_invalidData_400BadRequest(models.cardholder.registration.PostProfileRequest, models.BadRequestResponse$ModelState)]/[test-template-invocation:#3]
display-name: [3] PostProfileRequest(userName=auto91dAR9gAfx6usXTkHTyHJYilhivppDGlxCkOK0H4, dateOfBirth=2000-01-01T00:00:00, homePhoneNumber=null, mobilePhoneNumber=www, password=Test123!, passwordConfirmation=Test123!, passwordQuestion=test, passwordAnswer=test), BadRequestResponse.ModelState(reqUsername=null, reqPassword=null, reqToken=null, authorizationHeader=null, reqCode=null, reqMfaEntityType=null, reqDeviceId=null, reqNewPassword=null, reqNewPasswordConfirmation=null, reqPasswordConfirmation=null, reqNewUserName=null, reqEmailAddress=null, reqHomePhoneNumber=null, reqMobilePhoneNumber=['Mobile Phone Number' is not in the correct format.], accountId=null, reqDobYear=null, reqPasswordQuestion=null, reqPasswordAnswer=null, request=null)
]]></system-out>
</testcase>
<testcase name="postChRegistration_AccountProfile_invalidData_400BadRequest(PostProfileRequest, ModelState)[4]" classname="tests.cardholder.registration.AccountProfileTest" time="0.271">
<system-out><![CDATA[
unique-id: [engine:junit-jupiter]/[class:tests.cardholder.registration.AccountProfileTest]/[test-template:postChRegistration_AccountProfile_invalidData_400BadRequest(models.cardholder.registration.PostProfileRequest, models.BadRequestResponse$ModelState)]/[test-template-invocation:#4]
display-name: [4] PostProfileRequest(userName=auto91dAR9gAfx6usXTkHTyHJYilhivppDGlxCkOK0H4, dateOfBirth=2000-01-01T00:00:00, homePhoneNumber=null, mobilePhoneNumber=null, password=Test123!, passwordConfirmation=Test123!, passwordQuestion=, passwordAnswer=test), BadRequestResponse.ModelState(reqUsername=null, reqPassword=null, reqToken=null, authorizationHeader=null, reqCode=null, reqMfaEntityType=null, reqDeviceId=null, reqNewPassword=null, reqNewPasswordConfirmation=null, reqPasswordConfirmation=null, reqNewUserName=null, reqEmailAddress=null, reqHomePhoneNumber=null, reqMobilePhoneNumber=null, accountId=null, reqDobYear=null, reqPasswordQuestion=['Password Question' must not be empty.], reqPasswordAnswer=null, request=null)
]]></system-out>
</testcase>
<testcase name="postChRegistration_AccountProfile_invalidData_400BadRequest(PostProfileRequest, ModelState)[5]" classname="tests.cardholder.registration.AccountProfileTest" time="0.263">
<system-out><![CDATA[
unique-id: [engine:junit-jupiter]/[class:tests.cardholder.registration.AccountProfileTest]/[test-template:postChRegistration_AccountProfile_invalidData_400BadRequest(models.cardholder.registration.PostProfileRequest, models.BadRequestResponse$ModelState)]/[test-template-invocation:#5]
display-name: [5] PostProfileRequest(userName=auto91dAR9gAfx6usXTkHTyHJYilhivppDGlxCkOK0H4, dateOfBirth=2000-01-01T00:00:00, homePhoneNumber=null, mobilePhoneNumber=null, password=Test123!, passwordConfirmation=Test123!, passwordQuestion=test, passwordAnswer=), BadRequestResponse.ModelState(reqUsername=null, reqPassword=null, reqToken=null, authorizationHeader=null, reqCode=null, reqMfaEntityType=null, reqDeviceId=null, reqNewPassword=null, reqNewPasswordConfirmation=null, reqPasswordConfirmation=null, reqNewUserName=null, reqEmailAddress=null, reqHomePhoneNumber=null, reqMobilePhoneNumber=null, accountId=null, reqDobYear=null, reqPasswordQuestion=null, reqPasswordAnswer=['Password Answer' must not be empty.], request=null)
]]></system-out>
</testcase>
<testcase name="postChRegistration_AccountProfile_invalidData_400BadRequest(PostProfileRequest, ModelState)[6]" classname="tests.cardholder.registration.AccountProfileTest" time="0.271">
<system-out><![CDATA[
unique-id: [engine:junit-jupiter]/[class:tests.cardholder.registration.AccountProfileTest]/[test-template:postChRegistration_AccountProfile_invalidData_400BadRequest(models.cardholder.registration.PostProfileRequest, models.BadRequestResponse$ModelState)]/[test-template-invocation:#6]
display-name: [6] PostProfileRequest(userName=auto91dAR9gAfx6usXTkHTyHJYilhivppDGlxCkOK0H4, dateOfBirth=, homePhoneNumber=null, mobilePhoneNumber=null, password=Test123!, passwordConfirmation=Test123!, passwordQuestion=test, passwordAnswer=test), BadRequestResponse.ModelState(reqUsername=null, reqPassword=null, reqToken=null, authorizationHeader=null, reqCode=null, reqMfaEntityType=null, reqDeviceId=null, reqNewPassword=null, reqNewPasswordConfirmation=null, reqPasswordConfirmation=null, reqNewUserName=null, reqEmailAddress=null, reqHomePhoneNumber=null, reqMobilePhoneNumber=null, accountId=null, reqDobYear=[Error converting value {null} to type 'System.DateTime'. Path 'DateOfBirth', line 1, position 75., 'Date Of Birth' must not be empty.], reqPasswordQuestion=null, reqPasswordAnswer=null, request=null)
]]></system-out>
</testcase>
<testcase name="postChRegistration_AccountProfile_invalidData_400BadRequest(PostProfileRequest, ModelState)[7]" classname="tests.cardholder.registration.AccountProfileTest" time="0.28">
<system-out><![CDATA[
unique-id: [engine:junit-jupiter]/[class:tests.cardholder.registration.AccountProfileTest]/[test-template:postChRegistration_AccountProfile_invalidData_400BadRequest(models.cardholder.registration.PostProfileRequest, models.BadRequestResponse$ModelState)]/[test-template-invocation:#7]
display-name: [7] PostProfileRequest(userName=auto91dAR9gAfx6usXTkHTyHJYilhivppDGlxCkOK0H4, dateOfBirth=werwerwer, homePhoneNumber=null, mobilePhoneNumber=null, password=Test123!, passwordConfirmation=Test123!, passwordQuestion=test, passwordAnswer=test), BadRequestResponse.ModelState(reqUsername=null, reqPassword=null, reqToken=null, authorizationHeader=null, reqCode=null, reqMfaEntityType=null, reqDeviceId=null, reqNewPassword=null, reqNewPasswordConfirmation=null, reqPasswordConfirmation=null, reqNewUserName=null, reqEmailAddress=null, reqHomePhoneNumber=null, reqMobilePhoneNumber=null, accountId=null, reqDobYear=[Could not convert string to DateTime: werwerwer. Path 'DateOfBirth', line 1, position 84., 'Date Of Birth' must not be empty.], reqPasswordQuestion=null, reqPasswordAnswer=null, request=null)
]]></system-out>
</testcase>
<testcase name="postChRegistration_AccountProfile_invalidData_400BadRequest(PostProfileRequest, ModelState)[8]" classname="tests.cardholder.registration.AccountProfileTest" time="0.277">
<system-out><![CDATA[
unique-id: [engine:junit-jupiter]/[class:tests.cardholder.registration.AccountProfileTest]/[test-template:postChRegistration_AccountProfile_invalidData_400BadRequest(models.cardholder.registration.PostProfileRequest, models.BadRequestResponse$ModelState)]/[test-template-invocation:#8]
display-name: [8] PostProfileRequest(userName=auto91dAR9gAfx6usXTkHTyHJYilhivppDGlxCkOK0H4, dateOfBirth=2000-01-01T00:00:00, homePhoneNumber=null, mobilePhoneNumber=null, password=Test123!, passwordConfirmation=, passwordQuestion=test, passwordAnswer=test), BadRequestResponse.ModelState(reqUsername=null, reqPassword=['Password' must be equal to ''.], reqToken=null, authorizationHeader=null, reqCode=null, reqMfaEntityType=null, reqDeviceId=null, reqNewPassword=null, reqNewPasswordConfirmation=null, reqPasswordConfirmation=['Password Confirmation' must not be empty.], reqNewUserName=null, reqEmailAddress=null, reqHomePhoneNumber=null, reqMobilePhoneNumber=null, accountId=null, reqDobYear=null, reqPasswordQuestion=null, reqPasswordAnswer=null, request=null)
]]></system-out>
</testcase>
<testcase name="postChRegistration_AccountProfile_invalidData_400BadRequest(PostProfileRequest, ModelState)[9]" classname="tests.cardholder.registration.AccountProfileTest" time="0.293">
<system-out><![CDATA[
unique-id: [engine:junit-jupiter]/[class:tests.cardholder.registration.AccountProfileTest]/[test-template:postChRegistration_AccountProfile_invalidData_400BadRequest(models.cardholder.registration.PostProfileRequest, models.BadRequestResponse$ModelState)]/[test-template-invocation:#9]
display-name: [9] PostProfileRequest(userName=auto91dAR9gAfx6usXTkHTyHJYilhivppDGlxCkOK0H4, dateOfBirth=2000-01-01T00:00:00, homePhoneNumber=null, mobilePhoneNumber=null, password=, passwordConfirmation=Test123!, passwordQuestion=test, passwordAnswer=test), BadRequestResponse.ModelState(reqUsername=null, reqPassword=['Password' must not be empty., 'Password' must be equal to 'Test123!'.], reqToken=null, authorizationHeader=null, reqCode=null, reqMfaEntityType=null, reqDeviceId=null, reqNewPassword=null, reqNewPasswordConfirmation=null, reqPasswordConfirmation=null, reqNewUserName=null, reqEmailAddress=null, reqHomePhoneNumber=null, reqMobilePhoneNumber=null, accountId=null, reqDobYear=null, reqPasswordQuestion=null, reqPasswordAnswer=null, request=null)
]]></system-out>
</testcase>
<testcase name="getAdminInfoRoles_valid_existingAdmin_success200()" classname="tests.admin.AdminTests" time="10,805.201">
<error message="sandbox-coreapi.pexcard.com" type="java.net.UnknownHostException"><![CDATA[java.net.UnknownHostException: sandbox-coreapi.pexcard.com
	at java.net.Inet6AddressImpl.lookupAllHostAddr(Native Method)
	at java.net.InetAddress$2.lookupAllHostAddr(Unknown Source)
	at java.net.InetAddress.getAddressesFromNameService(Unknown Source)
	at java.net.InetAddress.getAllByName0(Unknown Source)
	at java.net.InetAddress.getAllByName(Unknown Source)
	at java.net.InetAddress.getAllByName(Unknown Source)
	at org.apache.http.impl.conn.SystemDefaultDnsResolver.resolve(SystemDefaultDnsResolver.java:45)
	at org.apache.http.impl.conn.DefaultClientConnectionOperator.resolveHostname(DefaultClientConnectionOperator.java:263)
	at org.apache.http.impl.conn.DefaultClientConnectionOperator.openConnection(DefaultClientConnectionOperator.java:162)
	at org.apache.http.impl.conn.ManagedClientConnectionImpl.open(ManagedClientConnectionImpl.java:326)
	at org.apache.http.impl.client.DefaultRequestDirector.tryConnect(DefaultRequestDirector.java:610)
	at org.apache.http.impl.client.DefaultRequestDirector.execute(DefaultRequestDirector.java:445)
	at org.apache.http.impl.client.AbstractHttpClient.doExecute(AbstractHttpClient.java:835)
	at org.apache.http.impl.client.CloseableHttpClient.execute(CloseableHttpClient.java:83)
	at org.apache.http.impl.client.CloseableHttpClient.execute(CloseableHttpClient.java:56)
	at org.apache.http.client.HttpClient$execute$0.call(Unknown Source)
	at org.codehaus.groovy.runtime.callsite.CallSiteArray.defaultCall(CallSiteArray.java:47)
	at org.apache.http.client.HttpClient$execute$0.call(Unknown Source)
	at io.restassured.internal.RequestSpecificationImpl$RestAssuredHttpBuilder.doRequest(RequestSpecificationImpl.groovy:2141)
	at io.restassured.internal.http.HTTPBuilder.post(HTTPBuilder.java:349)
	at io.restassured.internal.http.HTTPBuilder$post$3.call(Unknown Source)
	at io.restassured.internal.RequestSpecificationImpl.sendRequest(RequestSpecificationImpl.groovy:1274)
	at sun.reflect.GeneratedMethodAccessor89.invoke(Unknown Source)
	at sun.reflect.DelegatingMethodAccessorImpl.invoke(Unknown Source)
	at java.lang.reflect.Method.invoke(Unknown Source)
	at org.codehaus.groovy.reflection.CachedMethod.invoke(CachedMethod.java:98)
	at groovy.lang.MetaMethod.doMethodInvoke(MetaMethod.java:325)
	at groovy.lang.MetaClassImpl.invokeMethod(MetaClassImpl.java:1225)
	at groovy.lang.MetaClassImpl.invokeMethod(MetaClassImpl.java:1034)
	at groovy.lang.MetaClassImpl.invokeMethod(MetaClassImpl.java:822)
	at io.restassured.internal.RequestSpecificationImpl.invokeMethod(RequestSpecificationImpl.groovy)
	at org.codehaus.groovy.runtime.callsite.PogoInterceptableSite.call(PogoInterceptableSite.java:47)
	at org.codehaus.groovy.runtime.callsite.AbstractCallSite.call(AbstractCallSite.java:152)
	at io.restassured.internal.filter.SendRequestFilter.filter(SendRequestFilter.groovy:30)
	at io.restassured.filter.Filter$filter$0.call(Unknown Source)
	at org.codehaus.groovy.runtime.callsite.CallSiteArray.defaultCall(CallSiteArray.java:47)
	at io.restassured.filter.Filter$filter.call(Unknown Source)
	at io.restassured.internal.filter.FilterContextImpl.next(FilterContextImpl.groovy:72)
	at io.restassured.filter.time.TimingFilter.filter(TimingFilter.java:56)
	at io.restassured.filter.Filter$filter.call(Unknown Source)
	at org.codehaus.groovy.runtime.callsite.CallSiteArray.defaultCall(CallSiteArray.java:47)
	at io.restassured.filter.Filter$filter$0.call(Unknown Source)
	at io.restassured.internal.filter.FilterContextImpl.next(FilterContextImpl.groovy:72)
	at io.restassured.filter.FilterContext$next.call(Unknown Source)
	at io.restassured.internal.RequestSpecificationImpl.applyPathParamsAndSendRequest(RequestSpecificationImpl.groovy:1744)
	at sun.reflect.GeneratedMethodAccessor82.invoke(Unknown Source)
	at sun.reflect.DelegatingMethodAccessorImpl.invoke(Unknown Source)
	at java.lang.reflect.Method.invoke(Unknown Source)
	at org.codehaus.groovy.reflection.CachedMethod.invoke(CachedMethod.java:98)
	at groovy.lang.MetaMethod.doMethodInvoke(MetaMethod.java:325)
	at groovy.lang.MetaClassImpl.invokeMethod(MetaClassImpl.java:1225)
	at groovy.lang.MetaClassImpl.invokeMethod(MetaClassImpl.java:1034)
	at groovy.lang.MetaClassImpl.invokeMethod(MetaClassImpl.java:822)
	at io.restassured.internal.RequestSpecificationImpl.invokeMethod(RequestSpecificationImpl.groovy)
	at org.codehaus.groovy.runtime.callsite.PogoInterceptableSite.call(PogoInterceptableSite.java:47)
	at org.codehaus.groovy.runtime.callsite.PogoInterceptableSite.callCurrent(PogoInterceptableSite.java:57)
	at org.codehaus.groovy.runtime.callsite.AbstractCallSite.callCurrent(AbstractCallSite.java:185)
	at io.restassured.internal.RequestSpecificationImpl.applyPathParamsAndSendRequest(RequestSpecificationImpl.groovy:1750)
	at sun.reflect.GeneratedMethodAccessor81.invoke(Unknown Source)
	at sun.reflect.DelegatingMethodAccessorImpl.invoke(Unknown Source)
	at java.lang.reflect.Method.invoke(Unknown Source)
	at org.codehaus.groovy.reflection.CachedMethod.invoke(CachedMethod.java:98)
	at groovy.lang.MetaMethod.doMethodInvoke(MetaMethod.java:325)
	at groovy.lang.MetaClassImpl.invokeMethod(MetaClassImpl.java:1225)
	at groovy.lang.MetaClassImpl.invokeMethod(MetaClassImpl.java:1034)
	at groovy.lang.MetaClassImpl.invokeMethod(MetaClassImpl.java:822)
	at io.restassured.internal.RequestSpecificationImpl.invokeMethod(RequestSpecificationImpl.groovy)
	at org.codehaus.groovy.runtime.callsite.PogoInterceptableSite.call(PogoInterceptableSite.java:47)
	at org.codehaus.groovy.runtime.callsite.PogoInterceptableSite.callCurrent(PogoInterceptableSite.java:57)
	at org.codehaus.groovy.runtime.callsite.AbstractCallSite.callCurrent(AbstractCallSite.java:185)
	at io.restassured.internal.RequestSpecificationImpl.post(RequestSpecificationImpl.groovy:175)
	at io.restassured.internal.RequestSpecificationImpl.post(RequestSpecificationImpl.groovy)
	at rest_api_methods.Account.postToken(Account.java:27)
	at si_methods.Admin.getToken(Admin.java:48)
	at tests.admin.AdminTests.getAdminInfoRoles_valid_existingAdmin_success200(AdminTests.java:294)
	at sun.reflect.NativeMethodAccessorImpl.invoke0(Native Method)
	at sun.reflect.NativeMethodAccessorImpl.invoke(Unknown Source)
	at sun.reflect.DelegatingMethodAccessorImpl.invoke(Unknown Source)
	at java.lang.reflect.Method.invoke(Unknown Source)
	at org.junit.platform.commons.util.ReflectionUtils.invokeMethod(ReflectionUtils.java:515)
	at org.junit.jupiter.engine.execution.ExecutableInvoker.invoke(ExecutableInvoker.java:115)
	at org.junit.jupiter.engine.descriptor.TestMethodTestDescriptor.lambda$invokeTestMethod$6(TestMethodTestDescriptor.java:170)
	at org.junit.jupiter.engine.execution.ThrowableCollector.execute(ThrowableCollector.java:40)
	at org.junit.jupiter.engine.descriptor.TestMethodTestDescriptor.invokeTestMethod(TestMethodTestDescriptor.java:166)
	at org.junit.jupiter.engine.descriptor.TestMethodTestDescriptor.execute(TestMethodTestDescriptor.java:113)
	at org.junit.jupiter.engine.descriptor.TestMethodTestDescriptor.execute(TestMethodTestDescriptor.java:58)
	at org.junit.platform.engine.support.hierarchical.NodeTestTask.lambda$executeRecursively$5(NodeTestTask.java:134)
	at org.junit.platform.engine.support.hierarchical.SingleTestExecutor.executeSafely(SingleTestExecutor.java:66)
	at org.junit.platform.engine.support.hierarchical.NodeTestTask.executeRecursively(NodeTestTask.java:128)
	at org.junit.platform.engine.support.hierarchical.NodeTestTask.execute(NodeTestTask.java:109)
	at org.junit.platform.engine.support.hierarchical.ForkJoinPoolHierarchicalTestExecutorService$ExclusiveTask.compute(ForkJoinPoolHierarchicalTestExecutorService.java:161)
	at org.junit.platform.engine.support.hierarchical.ForkJoinPoolHierarchicalTestExecutorService.executeNonConcurrentTasks(ForkJoinPoolHierarchicalTestExecutorService.java:131)
	at org.junit.platform.engine.support.hierarchical.ForkJoinPoolHierarchicalTestExecutorService.invokeAll(ForkJoinPoolHierarchicalTestExecutorService.java:111)
	at org.junit.platform.engine.support.hierarchical.NodeTestTask.lambda$executeRecursively$5(NodeTestTask.java:138)
	at org.junit.platform.engine.support.hierarchical.SingleTestExecutor.executeSafely(SingleTestExecutor.java:66)
	at org.junit.platform.engine.support.hierarchical.NodeTestTask.executeRecursively(NodeTestTask.java:128)
	at org.junit.platform.engine.support.hierarchical.NodeTestTask.execute(NodeTestTask.java:109)
	at org.junit.platform.engine.support.hierarchical.ForkJoinPoolHierarchicalTestExecutorService$ExclusiveTask.compute(ForkJoinPoolHierarchicalTestExecutorService.java:161)
	at org.junit.platform.engine.support.hierarchical.ForkJoinPoolHierarchicalTestExecutorService.executeNonConcurrentTasks(ForkJoinPoolHierarchicalTestExecutorService.java:131)
	at org.junit.platform.engine.support.hierarchical.ForkJoinPoolHierarchicalTestExecutorService.invokeAll(ForkJoinPoolHierarchicalTestExecutorService.java:111)
	at org.junit.platform.engine.support.hierarchical.NodeTestTask.lambda$executeRecursively$5(NodeTestTask.java:138)
	at org.junit.platform.engine.support.hierarchical.SingleTestExecutor.executeSafely(SingleTestExecutor.java:66)
	at org.junit.platform.engine.support.hierarchical.NodeTestTask.executeRecursively(NodeTestTask.java:128)
	at org.junit.platform.engine.support.hierarchical.NodeTestTask.execute(NodeTestTask.java:109)
	at org.junit.platform.engine.support.hierarchical.ForkJoinPoolHierarchicalTestExecutorService$ExclusiveTask.compute(ForkJoinPoolHierarchicalTestExecutorService.java:161)
	at java.util.concurrent.RecursiveAction.exec(Unknown Source)
	at java.util.concurrent.ForkJoinTask.doExec(Unknown Source)
	at java.util.concurrent.ForkJoinPool$WorkQueue.runTask(Unknown Source)
	at java.util.concurrent.ForkJoinPool.runWorker(Unknown Source)
	at java.util.concurrent.ForkJoinWorkerThread.run(Unknown Source)
]]></error>
<system-out><![CDATA[
unique-id: [engine:junit-jupiter]/[class:tests.admin.AdminTests]/[method:getAdminInfoRoles_valid_existingAdmin_success200()]
display-name: getAdminInfoRoles_valid_existingAdmin_success200()
]]></system-out>
</testcase>
<testcase name="postAdminUpdate_Valid_Success200()" classname="tests.admin.AdminTests" time="0.091">
<error message="sand-security.pexdev.corp" type="java.net.UnknownHostException"><![CDATA[java.net.UnknownHostException: sand-security.pexdev.corp
	at java.net.Inet6AddressImpl.lookupAllHostAddr(Native Method)
	at java.net.InetAddress$2.lookupAllHostAddr(Unknown Source)
	at java.net.InetAddress.getAddressesFromNameService(Unknown Source)
	at java.net.InetAddress.getAllByName0(Unknown Source)
	at java.net.InetAddress.getAllByName(Unknown Source)
	at java.net.InetAddress.getAllByName(Unknown Source)
	at org.apache.http.impl.conn.SystemDefaultDnsResolver.resolve(SystemDefaultDnsResolver.java:45)
	at org.apache.http.impl.conn.DefaultClientConnectionOperator.resolveHostname(DefaultClientConnectionOperator.java:263)
	at org.apache.http.impl.conn.DefaultClientConnectionOperator.openConnection(DefaultClientConnectionOperator.java:162)
	at org.apache.http.impl.conn.ManagedClientConnectionImpl.open(ManagedClientConnectionImpl.java:326)
	at org.apache.http.impl.client.DefaultRequestDirector.tryConnect(DefaultRequestDirector.java:610)
	at org.apache.http.impl.client.DefaultRequestDirector.execute(DefaultRequestDirector.java:445)
	at org.apache.http.impl.client.AbstractHttpClient.doExecute(AbstractHttpClient.java:835)
	at org.apache.http.impl.client.CloseableHttpClient.execute(CloseableHttpClient.java:83)
	at org.apache.http.impl.client.CloseableHttpClient.execute(CloseableHttpClient.java:56)
	at org.apache.http.client.HttpClient$execute$0.call(Unknown Source)
	at io.restassured.internal.RequestSpecificationImpl$RestAssuredHttpBuilder.doRequest(RequestSpecificationImpl.groovy:2141)
	at io.restassured.internal.http.HTTPBuilder.post(HTTPBuilder.java:349)
	at io.restassured.internal.http.HTTPBuilder$post$3.call(Unknown Source)
	at io.restassured.internal.RequestSpecificationImpl.sendRequest(RequestSpecificationImpl.groovy:1274)
	at sun.reflect.GeneratedMethodAccessor89.invoke(Unknown Source)
	at sun.reflect.DelegatingMethodAccessorImpl.invoke(Unknown Source)
	at java.lang.reflect.Method.invoke(Unknown Source)
	at org.codehaus.groovy.reflection.CachedMethod.invoke(CachedMethod.java:98)
	at groovy.lang.MetaMethod.doMethodInvoke(MetaMethod.java:325)
	at groovy.lang.MetaClassImpl.invokeMethod(MetaClassImpl.java:1225)
	at groovy.lang.MetaClassImpl.invokeMethod(MetaClassImpl.java:1034)
	at groovy.lang.MetaClassImpl.invokeMethod(MetaClassImpl.java:822)
	at io.restassured.internal.RequestSpecificationImpl.invokeMethod(RequestSpecificationImpl.groovy)
	at org.codehaus.groovy.runtime.callsite.PogoInterceptableSite.call(PogoInterceptableSite.java:47)
	at org.codehaus.groovy.runtime.callsite.AbstractCallSite.call(AbstractCallSite.java:152)
	at io.restassured.internal.filter.SendRequestFilter.filter(SendRequestFilter.groovy:30)
	at io.restassured.filter.Filter$filter$0.call(Unknown Source)
	at org.codehaus.groovy.runtime.callsite.CallSiteArray.defaultCall(CallSiteArray.java:47)
	at io.restassured.filter.Filter$filter.call(Unknown Source)
	at io.restassured.internal.filter.FilterContextImpl.next(FilterContextImpl.groovy:72)
	at io.restassured.filter.time.TimingFilter.filter(TimingFilter.java:56)
	at io.restassured.filter.Filter$filter.call(Unknown Source)
	at org.codehaus.groovy.runtime.callsite.CallSiteArray.defaultCall(CallSiteArray.java:47)
	at io.restassured.filter.Filter$filter.call(Unknown Source)
	at io.restassured.internal.filter.FilterContextImpl.next(FilterContextImpl.groovy:72)
	at utilities.CustomFilter.filter(CustomFilter.java:14)
	at io.restassured.filter.Filter$filter.call(Unknown Source)
	at org.codehaus.groovy.runtime.callsite.CallSiteArray.defaultCall(CallSiteArray.java:47)
	at io.restassured.filter.Filter$filter$0.call(Unknown Source)
	at io.restassured.internal.filter.FilterContextImpl.next(FilterContextImpl.groovy:72)
	at io.restassured.filter.FilterContext$next.call(Unknown Source)
	at io.restassured.internal.RequestSpecificationImpl.applyPathParamsAndSendRequest(RequestSpecificationImpl.groovy:1744)
	at sun.reflect.GeneratedMethodAccessor82.invoke(Unknown Source)
	at sun.reflect.DelegatingMethodAccessorImpl.invoke(Unknown Source)
	at java.lang.reflect.Method.invoke(Unknown Source)
	at org.codehaus.groovy.reflection.CachedMethod.invoke(CachedMethod.java:98)
	at groovy.lang.MetaMethod.doMethodInvoke(MetaMethod.java:325)
	at groovy.lang.MetaClassImpl.invokeMethod(MetaClassImpl.java:1225)
	at groovy.lang.MetaClassImpl.invokeMethod(MetaClassImpl.java:1034)
	at groovy.lang.MetaClassImpl.invokeMethod(MetaClassImpl.java:822)
	at io.restassured.internal.RequestSpecificationImpl.invokeMethod(RequestSpecificationImpl.groovy)
	at org.codehaus.groovy.runtime.callsite.PogoInterceptableSite.call(PogoInterceptableSite.java:47)
	at org.codehaus.groovy.runtime.callsite.PogoInterceptableSite.callCurrent(PogoInterceptableSite.java:57)
	at org.codehaus.groovy.runtime.callsite.AbstractCallSite.callCurrent(AbstractCallSite.java:185)
	at io.restassured.internal.RequestSpecificationImpl.applyPathParamsAndSendRequest(RequestSpecificationImpl.groovy:1750)
	at sun.reflect.GeneratedMethodAccessor81.invoke(Unknown Source)
	at sun.reflect.DelegatingMethodAccessorImpl.invoke(Unknown Source)
	at java.lang.reflect.Method.invoke(Unknown Source)
	at org.codehaus.groovy.reflection.CachedMethod.invoke(CachedMethod.java:98)
	at groovy.lang.MetaMethod.doMethodInvoke(MetaMethod.java:325)
	at groovy.lang.MetaClassImpl.invokeMethod(MetaClassImpl.java:1225)
	at groovy.lang.MetaClassImpl.invokeMethod(MetaClassImpl.java:1034)
	at groovy.lang.MetaClassImpl.invokeMethod(MetaClassImpl.java:822)
	at io.restassured.internal.RequestSpecificationImpl.invokeMethod(RequestSpecificationImpl.groovy)
	at org.codehaus.groovy.runtime.callsite.PogoInterceptableSite.call(PogoInterceptableSite.java:47)
	at org.codehaus.groovy.runtime.callsite.PogoInterceptableSite.callCurrent(PogoInterceptableSite.java:57)
	at org.codehaus.groovy.runtime.callsite.AbstractCallSite.callCurrent(AbstractCallSite.java:185)
	at io.restassured.internal.RequestSpecificationImpl.post(RequestSpecificationImpl.groovy:175)
	at io.restassured.internal.RequestSpecificationImpl.post(RequestSpecificationImpl.groovy)
	at si_methods.Admin.postAdminUpdateByRequest(Admin.java:143)
	at si_methods.Admin.postAdminUpdate(Admin.java:110)
	at tests.admin.AdminTests.postAdminUpdate_Valid_Success200(AdminTests.java:256)
	at sun.reflect.NativeMethodAccessorImpl.invoke0(Native Method)
	at sun.reflect.NativeMethodAccessorImpl.invoke(Unknown Source)
	at sun.reflect.DelegatingMethodAccessorImpl.invoke(Unknown Source)
	at java.lang.reflect.Method.invoke(Unknown Source)
	at org.junit.platform.commons.util.ReflectionUtils.invokeMethod(ReflectionUtils.java:515)
	at org.junit.jupiter.engine.execution.ExecutableInvoker.invoke(ExecutableInvoker.java:115)
	at org.junit.jupiter.engine.descriptor.TestMethodTestDescriptor.lambda$invokeTestMethod$6(TestMethodTestDescriptor.java:170)
	at org.junit.jupiter.engine.execution.ThrowableCollector.execute(ThrowableCollector.java:40)
	at org.junit.jupiter.engine.descriptor.TestMethodTestDescriptor.invokeTestMethod(TestMethodTestDescriptor.java:166)
	at org.junit.jupiter.engine.descriptor.TestMethodTestDescriptor.execute(TestMethodTestDescriptor.java:113)
	at org.junit.jupiter.engine.descriptor.TestMethodTestDescriptor.execute(TestMethodTestDescriptor.java:58)
	at org.junit.platform.engine.support.hierarchical.NodeTestTask.lambda$executeRecursively$5(NodeTestTask.java:134)
	at org.junit.platform.engine.support.hierarchical.SingleTestExecutor.executeSafely(SingleTestExecutor.java:66)
	at org.junit.platform.engine.support.hierarchical.NodeTestTask.executeRecursively(NodeTestTask.java:128)
	at org.junit.platform.engine.support.hierarchical.NodeTestTask.execute(NodeTestTask.java:109)
	at org.junit.platform.engine.support.hierarchical.ForkJoinPoolHierarchicalTestExecutorService$ExclusiveTask.compute(ForkJoinPoolHierarchicalTestExecutorService.java:161)
	at org.junit.platform.engine.support.hierarchical.ForkJoinPoolHierarchicalTestExecutorService.executeNonConcurrentTasks(ForkJoinPoolHierarchicalTestExecutorService.java:131)
	at org.junit.platform.engine.support.hierarchical.ForkJoinPoolHierarchicalTestExecutorService.invokeAll(ForkJoinPoolHierarchicalTestExecutorService.java:111)
	at org.junit.platform.engine.support.hierarchical.NodeTestTask.lambda$executeRecursively$5(NodeTestTask.java:138)
	at org.junit.platform.engine.support.hierarchical.SingleTestExecutor.executeSafely(SingleTestExecutor.java:66)
	at org.junit.platform.engine.support.hierarchical.NodeTestTask.executeRecursively(NodeTestTask.java:128)
	at org.junit.platform.engine.support.hierarchical.NodeTestTask.execute(NodeTestTask.java:109)
	at org.junit.platform.engine.support.hierarchical.ForkJoinPoolHierarchicalTestExecutorService$ExclusiveTask.compute(ForkJoinPoolHierarchicalTestExecutorService.java:161)
	at org.junit.platform.engine.support.hierarchical.ForkJoinPoolHierarchicalTestExecutorService.executeNonConcurrentTasks(ForkJoinPoolHierarchicalTestExecutorService.java:131)
	at org.junit.platform.engine.support.hierarchical.ForkJoinPoolHierarchicalTestExecutorService.invokeAll(ForkJoinPoolHierarchicalTestExecutorService.java:111)
	at org.junit.platform.engine.support.hierarchical.NodeTestTask.lambda$executeRecursively$5(NodeTestTask.java:138)
	at org.junit.platform.engine.support.hierarchical.SingleTestExecutor.executeSafely(SingleTestExecutor.java:66)
	at org.junit.platform.engine.support.hierarchical.NodeTestTask.executeRecursively(NodeTestTask.java:128)
	at org.junit.platform.engine.support.hierarchical.NodeTestTask.execute(NodeTestTask.java:109)
	at org.junit.platform.engine.support.hierarchical.ForkJoinPoolHierarchicalTestExecutorService$ExclusiveTask.compute(ForkJoinPoolHierarchicalTestExecutorService.java:161)
	at java.util.concurrent.RecursiveAction.exec(Unknown Source)
	at java.util.concurrent.ForkJoinTask.doExec(Unknown Source)
	at java.util.concurrent.ForkJoinPool$WorkQueue.runTask(Unknown Source)
	at java.util.concurrent.ForkJoinPool.runWorker(Unknown Source)
	at java.util.concurrent.ForkJoinWorkerThread.run(Unknown Source)
]]></error>
<system-out><![CDATA[
unique-id: [engine:junit-jupiter]/[class:tests.admin.AdminTests]/[method:postAdminUpdate_Valid_Success200()]
display-name: postAdminUpdate_Valid_Success200()
]]></system-out>
</testcase>
<testcase name="postAdminUpdate_ValidWithoutNonRequired_Success200()" classname="tests.admin.AdminTests" time="0.011">
<error message="sand-security.pexdev.corp" type="java.net.UnknownHostException"><![CDATA[java.net.UnknownHostException: sand-security.pexdev.corp
	at java.net.InetAddress.getAllByName0(Unknown Source)
	at java.net.InetAddress.getAllByName(Unknown Source)
	at java.net.InetAddress.getAllByName(Unknown Source)
	at org.apache.http.impl.conn.SystemDefaultDnsResolver.resolve(SystemDefaultDnsResolver.java:45)
	at org.apache.http.impl.conn.DefaultClientConnectionOperator.resolveHostname(DefaultClientConnectionOperator.java:263)
	at org.apache.http.impl.conn.DefaultClientConnectionOperator.openConnection(DefaultClientConnectionOperator.java:162)
	at org.apache.http.impl.conn.ManagedClientConnectionImpl.open(ManagedClientConnectionImpl.java:326)
	at org.apache.http.impl.client.DefaultRequestDirector.tryConnect(DefaultRequestDirector.java:610)
	at org.apache.http.impl.client.DefaultRequestDirector.execute(DefaultRequestDirector.java:445)
	at org.apache.http.impl.client.AbstractHttpClient.doExecute(AbstractHttpClient.java:835)
	at org.apache.http.impl.client.CloseableHttpClient.execute(CloseableHttpClient.java:83)
	at org.apache.http.impl.client.CloseableHttpClient.execute(CloseableHttpClient.java:56)
	at org.apache.http.client.HttpClient$execute$0.call(Unknown Source)
	at io.restassured.internal.RequestSpecificationImpl$RestAssuredHttpBuilder.doRequest(RequestSpecificationImpl.groovy:2141)
	at io.restassured.internal.http.HTTPBuilder.post(HTTPBuilder.java:349)
	at io.restassured.internal.http.HTTPBuilder$post$3.call(Unknown Source)
	at io.restassured.internal.RequestSpecificationImpl.sendRequest(RequestSpecificationImpl.groovy:1274)
	at sun.reflect.GeneratedMethodAccessor89.invoke(Unknown Source)
	at sun.reflect.DelegatingMethodAccessorImpl.invoke(Unknown Source)
	at java.lang.reflect.Method.invoke(Unknown Source)
	at org.codehaus.groovy.reflection.CachedMethod.invoke(CachedMethod.java:98)
	at groovy.lang.MetaMethod.doMethodInvoke(MetaMethod.java:325)
	at groovy.lang.MetaClassImpl.invokeMethod(MetaClassImpl.java:1225)
	at groovy.lang.MetaClassImpl.invokeMethod(MetaClassImpl.java:1034)
	at groovy.lang.MetaClassImpl.invokeMethod(MetaClassImpl.java:822)
	at io.restassured.internal.RequestSpecificationImpl.invokeMethod(RequestSpecificationImpl.groovy)
	at org.codehaus.groovy.runtime.callsite.PogoInterceptableSite.call(PogoInterceptableSite.java:47)
	at org.codehaus.groovy.runtime.callsite.AbstractCallSite.call(AbstractCallSite.java:152)
	at io.restassured.internal.filter.SendRequestFilter.filter(SendRequestFilter.groovy:30)
	at io.restassured.filter.Filter$filter$0.call(Unknown Source)
	at org.codehaus.groovy.runtime.callsite.CallSiteArray.defaultCall(CallSiteArray.java:47)
	at io.restassured.filter.Filter$filter.call(Unknown Source)
	at io.restassured.internal.filter.FilterContextImpl.next(FilterContextImpl.groovy:72)
	at io.restassured.filter.time.TimingFilter.filter(TimingFilter.java:56)
	at io.restassured.filter.Filter$filter.call(Unknown Source)
	at org.codehaus.groovy.runtime.callsite.CallSiteArray.defaultCall(CallSiteArray.java:47)
	at io.restassured.filter.Filter$filter.call(Unknown Source)
	at io.restassured.internal.filter.FilterContextImpl.next(FilterContextImpl.groovy:72)
	at utilities.CustomFilter.filter(CustomFilter.java:14)
	at io.restassured.filter.Filter$filter.call(Unknown Source)
	at org.codehaus.groovy.runtime.callsite.CallSiteArray.defaultCall(CallSiteArray.java:47)
	at io.restassured.filter.Filter$filter$0.call(Unknown Source)
	at io.restassured.internal.filter.FilterContextImpl.next(FilterContextImpl.groovy:72)
	at io.restassured.filter.FilterContext$next.call(Unknown Source)
	at io.restassured.internal.RequestSpecificationImpl.applyPathParamsAndSendRequest(RequestSpecificationImpl.groovy:1744)
	at sun.reflect.GeneratedMethodAccessor82.invoke(Unknown Source)
	at sun.reflect.DelegatingMethodAccessorImpl.invoke(Unknown Source)
	at java.lang.reflect.Method.invoke(Unknown Source)
	at org.codehaus.groovy.reflection.CachedMethod.invoke(CachedMethod.java:98)
	at groovy.lang.MetaMethod.doMethodInvoke(MetaMethod.java:325)
	at groovy.lang.MetaClassImpl.invokeMethod(MetaClassImpl.java:1225)
	at groovy.lang.MetaClassImpl.invokeMethod(MetaClassImpl.java:1034)
	at groovy.lang.MetaClassImpl.invokeMethod(MetaClassImpl.java:822)
[...]
	at si_methods.Cardholder.postCardholderCreate(Cardholder.java:67)
	at tests.account.AccountPasswordTests.beforeAllACardholderInfoTest(AccountPasswordTests.java:112)
	at sun.reflect.NativeMethodAccessorImpl.invoke0(Native Method)
	at sun.reflect.NativeMethodAccessorImpl.invoke(Unknown Source)
	at sun.reflect.DelegatingMethodAccessorImpl.invoke(Unknown Source)
	at java.lang.reflect.Method.invoke(Unknown Source)
	at org.junit.platform.commons.util.ReflectionUtils.invokeMethod(ReflectionUtils.java:515)
	at org.junit.jupiter.engine.execution.ExecutableInvoker.invoke(ExecutableInvoker.java:115)
	at org.junit.jupiter.engine.descriptor.ClassTestDescriptor.lambda$invokeBeforeAllMethods$7(ClassTestDescriptor.java:273)
	at org.junit.jupiter.engine.execution.ThrowableCollector.execute(ThrowableCollector.java:40)
	at org.junit.jupiter.engine.descriptor.ClassTestDescriptor.invokeBeforeAllMethods(ClassTestDescriptor.java:272)
	at org.junit.jupiter.engine.descriptor.ClassTestDescriptor.before(ClassTestDescriptor.java:179)
	at org.junit.jupiter.engine.descriptor.ClassTestDescriptor.before(ClassTestDescriptor.java:66)
	at org.junit.platform.engine.support.hierarchical.NodeTestTask.lambda$executeRecursively$5(NodeTestTask.java:131)
	at org.junit.platform.engine.support.hierarchical.SingleTestExecutor.executeSafely(SingleTestExecutor.java:66)
	at org.junit.platform.engine.support.hierarchical.NodeTestTask.executeRecursively(NodeTestTask.java:128)
	at org.junit.platform.engine.support.hierarchical.NodeTestTask.execute(NodeTestTask.java:109)
	at org.junit.platform.engine.support.hierarchical.ForkJoinPoolHierarchicalTestExecutorService$ExclusiveTask.compute(ForkJoinPoolHierarchicalTestExecutorService.java:161)
	at org.junit.platform.engine.support.hierarchical.ForkJoinPoolHierarchicalTestExecutorService.executeNonConcurrentTasks(ForkJoinPoolHierarchicalTestExecutorService.java:131)
	at org.junit.platform.engine.support.hierarchical.ForkJoinPoolHierarchicalTestExecutorService.invokeAll(ForkJoinPoolHierarchicalTestExecutorService.java:111)
	at org.junit.platform.engine.support.hierarchical.NodeTestTask.lambda$executeRecursively$5(NodeTestTask.java:138)
	at org.junit.platform.engine.support.hierarchical.SingleTestExecutor.executeSafely(SingleTestExecutor.java:66)
	at org.junit.platform.engine.support.hierarchical.NodeTestTask.executeRecursively(NodeTestTask.java:128)
	at org.junit.platform.engine.support.hierarchical.NodeTestTask.execute(NodeTestTask.java:109)
	at org.junit.platform.engine.support.hierarchical.ForkJoinPoolHierarchicalTestExecutorService$ExclusiveTask.compute(ForkJoinPoolHierarchicalTestExecutorService.java:161)
	at java.util.concurrent.RecursiveAction.exec(Unknown Source)
	at java.util.concurrent.ForkJoinTask.doExec(Unknown Source)
	at java.util.concurrent.ForkJoinPool$WorkQueue.runTask(Unknown Source)
	at java.util.concurrent.ForkJoinPool.runWorker(Unknown Source)
	at java.util.concurrent.ForkJoinWorkerThread.run(Unknown Source)
	Suppressed: java.lang.NullPointerException
		at tests.account.AccountPasswordTests.afterAllCardholderTest(AccountPasswordTests.java:118)
		at sun.reflect.NativeMethodAccessorImpl.invoke0(Native Method)
		at sun.reflect.NativeMethodAccessorImpl.invoke(Unknown Source)
		at sun.reflect.DelegatingMethodAccessorImpl.invoke(Unknown Source)
		at java.lang.reflect.Method.invoke(Unknown Source)
		at org.junit.platform.commons.util.ReflectionUtils.invokeMethod(ReflectionUtils.java:515)
		at org.junit.jupiter.engine.execution.ExecutableInvoker.invoke(ExecutableInvoker.java:115)
		at org.junit.jupiter.engine.descriptor.ClassTestDescriptor.lambda$invokeAfterAllMethods$8(ClassTestDescriptor.java:287)
		at org.junit.jupiter.engine.execution.ThrowableCollector.execute(ThrowableCollector.java:40)
		at org.junit.jupiter.engine.descriptor.ClassTestDescriptor.lambda$invokeAfterAllMethods$9(ClassTestDescriptor.java:286)
		at java.util.ArrayList.forEach(Unknown Source)
		at java.util.Collections$UnmodifiableCollection.forEach(Unknown Source)
		at org.junit.jupiter.engine.descriptor.ClassTestDescriptor.invokeAfterAllMethods(ClassTestDescriptor.java:286)
		at org.junit.jupiter.engine.descriptor.ClassTestDescriptor.after(ClassTestDescriptor.java:194)
		at org.junit.jupiter.engine.descriptor.ClassTestDescriptor.after(ClassTestDescriptor.java:66)
		at org.junit.platform.engine.support.hierarchical.NodeTestTask.executeAfter(NodeTestTask.java:171)
		at org.junit.platform.engine.support.hierarchical.NodeTestTask.lambda$executeRecursively$5(NodeTestTask.java:149)
		... 16 more
]]></error>
<system-out><![CDATA[
unique-id: [engine:junit-jupiter]/[class:tests.account.AccountPasswordTests]/[method:postAccountPasswordReset_EmptyUsername_BadRequest400()]
display-name: postAccountPasswordReset_EmptyUsername_BadRequest400()
]]></system-out>
</testcase>
<testcase name="postAccountMfaDisable_ValidInfo_Success200()" classname="tests.account.AccountMfaTests" time="0">
<error message="Could not initialize class tests.account.AccountUserAdminTests" type="java.lang.NoClassDefFoundError"><![CDATA[java.lang.NoClassDefFoundError: Could not initialize class tests.account.AccountUserAdminTests
	at tests.account.AccountMfaTests.<clinit>(AccountMfaTests.java:47)
	at sun.reflect.NativeMethodAccessorImpl.invoke0(Native Method)
	at sun.reflect.NativeMethodAccessorImpl.invoke(Unknown Source)
	at sun.reflect.DelegatingMethodAccessorImpl.invoke(Unknown Source)
	at java.lang.reflect.Method.invoke(Unknown Source)
	at org.junit.platform.commons.util.ReflectionUtils.invokeMethod(ReflectionUtils.java:515)
	at org.junit.jupiter.engine.execution.ExecutableInvoker.invoke(ExecutableInvoker.java:115)
	at org.junit.jupiter.engine.descriptor.ClassTestDescriptor.lambda$invokeBeforeAllMethods$7(ClassTestDescriptor.java:273)
	at org.junit.jupiter.engine.execution.ThrowableCollector.execute(ThrowableCollector.java:40)
	at org.junit.jupiter.engine.descriptor.ClassTestDescriptor.invokeBeforeAllMethods(ClassTestDescriptor.java:272)
	at org.junit.jupiter.engine.descriptor.ClassTestDescriptor.before(ClassTestDescriptor.java:179)
	at org.junit.jupiter.engine.descriptor.ClassTestDescriptor.before(ClassTestDescriptor.java:66)
	at org.junit.platform.engine.support.hierarchical.NodeTestTask.lambda$executeRecursively$5(NodeTestTask.java:131)
	at org.junit.platform.engine.support.hierarchical.SingleTestExecutor.executeSafely(SingleTestExecutor.java:66)
	at org.junit.platform.engine.support.hierarchical.NodeTestTask.executeRecursively(NodeTestTask.java:128)
	at org.junit.platform.engine.support.hierarchical.NodeTestTask.execute(NodeTestTask.java:109)
	at org.junit.platform.engine.support.hierarchical.ForkJoinPoolHierarchicalTestExecutorService$ExclusiveTask.compute(ForkJoinPoolHierarchicalTestExecutorService.java:161)
	at org.junit.platform.engine.support.hierarchical.ForkJoinPoolHierarchicalTestExecutorService.executeNonConcurrentTasks(ForkJoinPoolHierarchicalTestExecutorService.java:131)
	at org.junit.platform.engine.support.hierarchical.ForkJoinPoolHierarchicalTestExecutorService.invokeAll(ForkJoinPoolHierarchicalTestExecutorService.java:111)
	at org.junit.platform.engine.support.hierarchical.NodeTestTask.lambda$executeRecursively$5(NodeTestTask.java:138)
	at org.junit.platform.engine.support.hierarchical.SingleTestExecutor.executeSafely(SingleTestExecutor.java:66)
	at org.junit.platform.engine.support.hierarchical.NodeTestTask.executeRecursively(NodeTestTask.java:128)
	at org.junit.platform.engine.support.hierarchical.NodeTestTask.execute(NodeTestTask.java:109)
	at org.junit.platform.engine.support.hierarchical.ForkJoinPoolHierarchicalTestExecutorService$ExclusiveTask.compute(ForkJoinPoolHierarchicalTestExecutorService.java:161)
	at java.util.concurrent.RecursiveAction.exec(Unknown Source)
	at java.util.concurrent.ForkJoinTask.doExec(Unknown Source)
	at java.util.concurrent.ForkJoinPool$WorkQueue.runTask(Unknown Source)
	at java.util.concurrent.ForkJoinPool.runWorker(Unknown Source)
	at java.util.concurrent.ForkJoinWorkerThread.run(Unknown Source)
	Suppressed: java.lang.NoClassDefFoundError: Could not initialize class tests.account.AccountMfaTests
		at sun.reflect.NativeMethodAccessorImpl.invoke0(Native Method)
		at sun.reflect.NativeMethodAccessorImpl.invoke(Unknown Source)
		at sun.reflect.DelegatingMethodAccessorImpl.invoke(Unknown Source)
		at java.lang.reflect.Method.invoke(Unknown Source)
		at org.junit.platform.commons.util.ReflectionUtils.invokeMethod(ReflectionUtils.java:515)
		at org.junit.jupiter.engine.execution.ExecutableInvoker.invoke(ExecutableInvoker.java:115)
		at org.junit.jupiter.engine.descriptor.ClassTestDescriptor.lambda$invokeAfterAllMethods$8(ClassTestDescriptor.java:287)
		at org.junit.jupiter.engine.execution.ThrowableCollector.execute(ThrowableCollector.java:40)
		at org.junit.jupiter.engine.descriptor.ClassTestDescriptor.lambda$invokeAfterAllMethods$9(ClassTestDescriptor.java:286)
		at java.util.ArrayList.forEach(Unknown Source)
		at java.util.Collections$UnmodifiableCollection.forEach(Unknown Source)
		at org.junit.jupiter.engine.descriptor.ClassTestDescriptor.invokeAfterAllMethods(ClassTestDescriptor.java:286)
		at org.junit.jupiter.engine.descriptor.ClassTestDescriptor.after(ClassTestDescriptor.java:194)
		at org.junit.jupiter.engine.descriptor.ClassTestDescriptor.after(ClassTestDescriptor.java:66)
		at org.junit.platform.engine.support.hierarchical.NodeTestTask.executeAfter(NodeTestTask.java:171)
		at org.junit.platform.engine.support.hierarchical.NodeTestTask.lambda$executeRecursively$5(NodeTestTask.java:149)
		... 16 more
]]></error>
<system-out><![CDATA[
unique-id: [engine:junit-jupiter]/[class:tests.account.AccountMfaTests]/[method:postAccountMfaDisable_ValidInfo_Success200()]
display-name: postAccountMfaDisable_ValidInfo_Success200()
]]></system-out>
</testcase>
<testcase name="postAccountMfaEnable_ValidInfo_Success200()" classname="tests.account.AccountMfaTests" time="0">
<error message="Could not initialize class tests.account.AccountUserAdminTests" type="java.lang.NoClassDefFoundError"><![CDATA[java.lang.NoClassDefFoundError: Could not initialize class tests.account.AccountUserAdminTests
	at tests.account.AccountMfaTests.<clinit>(AccountMfaTests.java:47)
	at sun.reflect.NativeMethodAccessorImpl.invoke0(Native Method)
	at sun.reflect.NativeMethodAccessorImpl.invoke(Unknown Source)
	at sun.reflect.DelegatingMethodAccessorImpl.invoke(Unknown Source)
	at java.lang.reflect.Method.invoke(Unknown Source)
	at org.junit.platform.commons.util.ReflectionUtils.invokeMethod(ReflectionUtils.java:515)
	at org.junit.jupiter.engine.execution.ExecutableInvoker.invoke(ExecutableInvoker.java:115)
	at org.junit.jupiter.engine.descriptor.ClassTestDescriptor.lambda$invokeBeforeAllMethods$7(ClassTestDescriptor.java:273)
	at org.junit.jupiter.engine.execution.ThrowableCollector.execute(ThrowableCollector.java:40)
	at org.junit.jupiter.engine.descriptor.ClassTestDescriptor.invokeBeforeAllMethods(ClassTestDescriptor.java:272)
	at org.junit.jupiter.engine.descriptor.ClassTestDescriptor.before(ClassTestDescriptor.java:179)
	at org.junit.jupiter.engine.descriptor.ClassTestDescriptor.before(ClassTestDescriptor.java:66)
	at org.junit.platform.engine.support.hierarchical.NodeTestTask.lambda$executeRecursively$5(NodeTestTask.java:131)
	at org.junit.platform.engine.support.hierarchical.SingleTestExecutor.executeSafely(SingleTestExecutor.java:66)
	at org.junit.platform.engine.support.hierarchical.NodeTestTask.executeRecursively(NodeTestTask.java:128)
	at org.junit.platform.engine.support.hierarchical.NodeTestTask.execute(NodeTestTask.java:109)
	at org.junit.platform.engine.support.hierarchical.ForkJoinPoolHierarchicalTestExecutorService$ExclusiveTask.compute(ForkJoinPoolHierarchicalTestExecutorService.java:161)
	at org.junit.platform.engine.support.hierarchical.ForkJoinPoolHierarchicalTestExecutorService.executeNonConcurrentTasks(ForkJoinPoolHierarchicalTestExecutorService.java:131)
	at org.junit.platform.engine.support.hierarchical.ForkJoinPoolHierarchicalTestExecutorService.invokeAll(ForkJoinPoolHierarchicalTestExecutorService.java:111)
	at org.junit.platform.engine.support.hierarchical.NodeTestTask.lambda$executeRecursively$5(NodeTestTask.java:138)
	at org.junit.platform.engine.support.hierarchical.SingleTestExecutor.executeSafely(SingleTestExecutor.java:66)
	at org.junit.platform.engine.support.hierarchical.NodeTestTask.executeRecursively(NodeTestTask.java:128)
	at org.junit.platform.engine.support.hierarchical.NodeTestTask.execute(NodeTestTask.java:109)
	at org.junit.platform.engine.support.hierarchical.ForkJoinPoolHierarchicalTestExecutorService$ExclusiveTask.compute(ForkJoinPoolHierarchicalTestExecutorService.java:161)
	at java.util.concurrent.RecursiveAction.exec(Unknown Source)
	at java.util.concurrent.ForkJoinTask.doExec(Unknown Source)
	at java.util.concurrent.ForkJoinPool$WorkQueue.runTask(Unknown Source)
	at java.util.concurrent.ForkJoinPool.runWorker(Unknown Source)
	at java.util.concurrent.ForkJoinWorkerThread.run(Unknown Source)
	Suppressed: java.lang.NoClassDefFoundError: Could not initialize class tests.account.AccountMfaTests
		at sun.reflect.NativeMethodAccessorImpl.invoke0(Native Method)
		at sun.reflect.NativeMethodAccessorImpl.invoke(Unknown Source)
		at sun.reflect.DelegatingMethodAccessorImpl.invoke(Unknown Source)
		at java.lang.reflect.Method.invoke(Unknown Source)
		at org.junit.platform.commons.util.ReflectionUtils.invokeMethod(ReflectionUtils.java:515)
		at org.junit.jupiter.engine.execution.ExecutableInvoker.invoke(ExecutableInvoker.java:115)
		at org.junit.jupiter.engine.descriptor.ClassTestDescriptor.lambda$invokeAfterAllMethods$8(ClassTestDescriptor.java:287)
		at org.junit.jupiter.engine.execution.ThrowableCollector.execute(ThrowableCollector.java:40)
		at org.junit.jupiter.engine.descriptor.ClassTestDescriptor.lambda$invokeAfterAllMethods$9(ClassTestDescriptor.java:286)
		at java.util.ArrayList.forEach(Unknown Source)
		at java.util.Collections$UnmodifiableCollection.forEach(Unknown Source)
		at org.junit.jupiter.engine.descriptor.ClassTestDescriptor.invokeAfterAllMethods(ClassTestDescriptor.java:286)
		at org.junit.jupiter.engine.descriptor.ClassTestDescriptor.after(ClassTestDescriptor.java:194)
		at org.junit.jupiter.engine.descriptor.ClassTestDescriptor.after(ClassTestDescriptor.java:66)
		at org.junit.platform.engine.support.hierarchical.NodeTestTask.executeAfter(NodeTestTask.java:171)
		at org.junit.platform.engine.support.hierarchical.NodeTestTask.lambda$executeRecursively$5(NodeTestTask.java:149)
		... 16 more
]]></error>
<system-out><![CDATA[
unique-id: [engine:junit-jupiter]/[class:tests.account.AccountMfaTests]/[method:postAccountMfaEnable_ValidInfo_Success200()]
display-name: postAccountMfaEnable_ValidInfo_Success200()
]]></system-out>
</testcase>
<testcase name="postAccountMfaSettings_ValidInfo_Success200()" classname="tests.account.AccountMfaTests" time="0">
<error message="Could not initialize class tests.account.AccountUserAdminTests" type="java.lang.NoClassDefFoundError"><![CDATA[java.lang.NoClassDefFoundError: Could not initialize class tests.account.AccountUserAdminTests
	at tests.account.AccountMfaTests.<clinit>(AccountMfaTests.java:47)
	at sun.reflect.NativeMethodAccessorImpl.invoke0(Native Method)
	at sun.reflect.NativeMethodAccessorImpl.invoke(Unknown Source)
	at sun.reflect.DelegatingMethodAccessorImpl.invoke(Unknown Source)
	at java.lang.reflect.Method.invoke(Unknown Source)
	at org.junit.platform.commons.util.ReflectionUtils.invokeMethod(ReflectionUtils.java:515)
	at org.junit.jupiter.engine.execution.ExecutableInvoker.invoke(ExecutableInvoker.java:115)
	at org.junit.jupiter.engine.descriptor.ClassTestDescriptor.lambda$invokeBeforeAllMethods$7(ClassTestDescriptor.java:273)
	at org.junit.jupiter.engine.execution.ThrowableCollector.execute(ThrowableCollector.java:40)
	at org.junit.jupiter.engine.descriptor.ClassTestDescriptor.invokeBeforeAllMethods(ClassTestDescriptor.java:272)
	at org.junit.jupiter.engine.descriptor.ClassTestDescriptor.before(ClassTestDescriptor.java:179)
	at org.junit.jupiter.engine.descriptor.ClassTestDescriptor.before(ClassTestDescriptor.java:66)
	at org.junit.platform.engine.support.hierarchical.NodeTestTask.lambda$executeRecursively$5(NodeTestTask.java:131)
	at org.junit.platform.engine.support.hierarchical.SingleTestExecutor.executeSafely(SingleTestExecutor.java:66)
	at org.junit.platform.engine.support.hierarchical.NodeTestTask.executeRecursively(NodeTestTask.java:128)
	at org.junit.platform.engine.support.hierarchical.NodeTestTask.execute(NodeTestTask.java:109)
	at org.junit.platform.engine.support.hierarchical.ForkJoinPoolHierarchicalTestExecutorService$ExclusiveTask.compute(ForkJoinPoolHierarchicalTestExecutorService.java:161)
	at org.junit.platform.engine.support.hierarchical.ForkJoinPoolHierarchicalTestExecutorService.executeNonConcurrentTasks(ForkJoinPoolHierarchicalTestExecutorService.java:131)
	at org.junit.platform.engine.support.hierarchical.ForkJoinPoolHierarchicalTestExecutorService.invokeAll(ForkJoinPoolHierarchicalTestExecutorService.java:111)
	at org.junit.platform.engine.support.hierarchical.NodeTestTask.lambda$executeRecursively$5(NodeTestTask.java:138)
	at org.junit.platform.engine.support.hierarchical.SingleTestExecutor.executeSafely(SingleTestExecutor.java:66)
	at org.junit.platform.engine.support.hierarchical.NodeTestTask.executeRecursively(NodeTestTask.java:128)
	at org.junit.platform.engine.support.hierarchical.NodeTestTask.execute(NodeTestTask.java:109)
	at org.junit.platform.engine.support.hierarchical.ForkJoinPoolHierarchicalTestExecutorService$ExclusiveTask.compute(ForkJoinPoolHierarchicalTestExecutorService.java:161)
	at java.util.concurrent.RecursiveAction.exec(Unknown Source)
	at java.util.concurrent.ForkJoinTask.doExec(Unknown Source)
	at java.util.concurrent.ForkJoinPool$WorkQueue.runTask(Unknown Source)
	at java.util.concurrent.ForkJoinPool.runWorker(Unknown Source)
	at java.util.concurrent.ForkJoinWorkerThread.run(Unknown Source)
	Suppressed: java.lang.NoClassDefFoundError: Could not initialize class tests.account.AccountMfaTests
		at sun.reflect.NativeMethodAccessorImpl.invoke0(Native Method)
		at sun.reflect.NativeMethodAccessorImpl.invoke(Unknown Source)
		at sun.reflect.DelegatingMethodAccessorImpl.invoke(Unknown Source)
		at java.lang.reflect.Method.invoke(Unknown Source)
		at org.junit.platform.commons.util.ReflectionUtils.invokeMethod(ReflectionUtils.java:515)
		at org.junit.jupiter.engine.execution.ExecutableInvoker.invoke(ExecutableInvoker.java:115)
		at org.junit.jupiter.engine.descriptor.ClassTestDescriptor.lambda$invokeAfterAllMethods$8(ClassTestDescriptor.java:287)
		at org.junit.jupiter.engine.execution.ThrowableCollector.execute(ThrowableCollector.java:40)
		at org.junit.jupiter.engine.descriptor.ClassTestDescriptor.lambda$invokeAfterAllMethods$9(ClassTestDescriptor.java:286)
		at java.util.ArrayList.forEach(Unknown Source)
		at java.util.Collections$UnmodifiableCollection.forEach(Unknown Source)
		at org.junit.jupiter.engine.descriptor.ClassTestDescriptor.invokeAfterAllMethods(ClassTestDescriptor.java:286)
		at org.junit.jupiter.engine.descriptor.ClassTestDescriptor.after(ClassTestDescriptor.java:194)
		at org.junit.jupiter.engine.descriptor.ClassTestDescriptor.after(ClassTestDescriptor.java:66)
		at org.junit.platform.engine.support.hierarchical.NodeTestTask.executeAfter(NodeTestTask.java:171)
		at org.junit.platform.engine.support.hierarchical.NodeTestTask.lambda$executeRecursively$5(NodeTestTask.java:149)
		... 16 more
]]></error>
<system-out><![CDATA[
unique-id: [engine:junit-jupiter]/[class:tests.account.AccountMfaTests]/[method:postAccountMfaSettings_ValidInfo_Success200()]
display-name: postAccountMfaSettings_ValidInfo_Success200()
]]></system-out>
</testcase>
<system-out><![CDATA[
unique-id: [engine:junit-jupiter]
display-name: JUnit Jupiter
]]></system-out>
</testsuite>
